2024-09-30 02:35:08,787 [ERROR] ConfigurationRetriever:142 - IOException on connection: Read timed out
2024-09-30 02:50:06,680 [INFO] WebApp:189 - Connection lost
2024-09-30 02:50:07,240 [INFO] WebApp:186 - Connection restablished
2024-09-30 02:56:04,669 [INFO] WebApp:189 - Connection lost
2024-09-30 02:56:04,925 [INFO] WebApp:186 - Connection restablished
2024-09-30 03:17:53,663 [INFO] WebApp:189 - Connection lost
2024-09-30 03:17:54,181 [INFO] WebApp:186 - Connection restablished
2024-09-30 03:23:44,635 [INFO] WebApp:189 - Connection lost
2024-09-30 03:23:45,298 [INFO] WebApp:186 - Connection restablished
2024-09-30 03:26:14,173 [INFO] WebApp:189 - Connection lost
2024-09-30 03:26:16,801 [INFO] WebApp:186 - Connection restablished
2024-09-30 03:26:18,709 [INFO] WebApp:189 - Connection lost
2024-09-30 03:26:18,899 [INFO] WebApp:186 - Connection restablished
2024-09-30 18:37:05,877 [INFO] WebApp:189 - Connection lost
2024-09-30 18:37:06,212 [INFO] WebApp:186 - Connection restablished
2024-09-30 18:37:09,053 [INFO] WebApp:189 - Connection lost
2024-09-30 18:37:09,229 [INFO] WebApp:186 - Connection restablished
2024-09-30 19:02:07,700 [ERROR] ConfigurationRetriever:142 - IOException on connection: Connect timed out
2024-09-30 19:15:55,533 [ERROR] ConfigurationRetriever:142 - IOException on connection: Read timed out
2024-09-30 21:35:44,186 [ERROR] LogOutputStream:75 - [STDERR_REDIRECT] 
2024-09-30 21:35:44,186 [ERROR] LogOutputStream:75 - [STDERR_REDIRECT] 
