2024-09-28 04:52:14,741 [ERROR] LogOutputStream:75 - [STDERR_REDIRECT] 
2024-09-28 04:52:42,485 [INFO] Activator:176 - 


2024-09-28 04:52:42,490 [INFO] Activator:177 - !SESSION log4j initialized
2024-09-28 04:52:51,030 [INFO] LogOutputStream:77 - [STDOUT_REDIRECT] 
2024-09-28 04:52:59,215 [INFO] ApplicationProperties:184 - Using Application install path: C:\ST\STM32CubeIDE_1.16.0\STM32CubeIDE\plugins\com.st.stm32cube.common.mx_6.12.0.202406281431
2024-09-28 04:52:59,238 [INFO] DbMcusXml:78 - Set database path to: C:\ST\STM32CubeIDE_1.16.0\STM32CubeIDE\plugins\com.st.stm32cube.common.mx_6.12.0.202406281431\\db\/mcu/
2024-09-28 04:52:59,239 [INFO] ApiDb:274 - Set plugin database path to: C:\ST\STM32CubeIDE_1.16.0\STM32CubeIDE\plugins\com.st.stm32cube.common.mx_6.12.0.202406281431\\db\/plugins/boardmanager/
2024-09-28 04:52:59,239 [WARN] ApiDb:259 - Overriding images path with different value:  => C:\ST\STM32CubeIDE_1.16.0\STM32CubeIDE\plugins\com.st.stm32cube.common.mx_6.12.0.202406281431\\db\/plugins/mcufinder/images/
2024-09-28 04:52:59,253 [INFO] ApiDb:250 - Set database path to: C:\Users\chlqj\.stmcufinder\plugins\mcufinder//mcu/
2024-09-28 04:52:59,254 [INFO] DbMcusAds:125 - Set database path to: C:\Users\chlqj\.stmcufinder\plugins\mcufinder//mcu/
2024-09-28 04:52:59,258 [INFO] CrossReferenceDbSqlite:203 - Set database path to: C:\Users\chlqj\.stmcufinder\plugins\mcufinder//mcu/cs/
2024-09-28 04:52:59,394 [INFO] RulesReader:64 - Compatibility file has been processed (297 Rules)
2024-09-28 04:52:59,522 [INFO] DbMcusXml:78 - Set database path to: C:\ST\STM32CubeIDE_1.16.0\STM32CubeIDE\plugins\com.st.stm32cube.common.mx_6.12.0.202406281431\\db\/mcu/
2024-09-28 04:52:59,522 [INFO] ApiDb:274 - Set plugin database path to: C:\ST\STM32CubeIDE_1.16.0\STM32CubeIDE\plugins\com.st.stm32cube.common.mx_6.12.0.202406281431\\db\/plugins/boardmanager/
2024-09-28 04:52:59,523 [INFO] ApiDb:261 - Set plugin images path to: C:\ST\STM32CubeIDE_1.16.0\STM32CubeIDE\plugins\com.st.stm32cube.common.mx_6.12.0.202406281431\\db\/plugins/mcufinder/images/
2024-09-28 04:52:59,523 [WARN] DbFile:41 - Overriding database path with different value: C:\Users\chlqj\.stmcufinder\plugins\mcufinder/ => C:\Users\chlqj\.stmcufinder\plugins\mcufinder
2024-09-28 04:52:59,523 [INFO] ApiDb:250 - Set database path to: C:\Users\chlqj\.stmcufinder\plugins\mcufinder//mcu/
2024-09-28 04:52:59,523 [WARN] DbFile:41 - Overriding database path with different value: C:\Users\chlqj\.stmcufinder\plugins\mcufinder/ => C:\Users\chlqj\.stmcufinder\plugins\mcufinder
2024-09-28 04:52:59,523 [INFO] DbMcusAds:125 - Set database path to: C:\Users\chlqj\.stmcufinder\plugins\mcufinder//mcu/
2024-09-28 04:52:59,523 [WARN] DbFile:41 - Overriding database path with different value: C:\Users\chlqj\.stmcufinder\plugins\mcufinder/ => C:\Users\chlqj\.stmcufinder\plugins\mcufinder
2024-09-28 04:52:59,523 [WARN] DbFile:41 - Overriding database path with different value: C:\Users\chlqj\.stmcufinder\plugins\mcufinder/ => C:\Users\chlqj\.stmcufinder\plugins\mcufinder
2024-09-28 04:52:59,524 [INFO] CrossReferenceDbSqlite:203 - Set database path to: C:\Users\chlqj\.stmcufinder\plugins\mcufinder//mcu/cs/
2024-09-28 04:52:59,622 [INFO] MainPanel:268 - HeapMemory: 268435456
2024-09-28 04:52:59,775 [INFO] DbMcusXml:78 - Set database path to: C:\ST\STM32CubeIDE_1.16.0\STM32CubeIDE\plugins\com.st.stm32cube.common.mx_6.12.0.202406281431\\db\/mcu/
2024-09-28 04:52:59,775 [INFO] ApiDb:274 - Set plugin database path to: C:\ST\STM32CubeIDE_1.16.0\STM32CubeIDE\plugins\com.st.stm32cube.common.mx_6.12.0.202406281431\\db\/plugins/boardmanager/
2024-09-28 04:52:59,775 [INFO] ApiDb:261 - Set plugin images path to: C:\ST\STM32CubeIDE_1.16.0\STM32CubeIDE\plugins\com.st.stm32cube.common.mx_6.12.0.202406281431\\db\/plugins/mcufinder/images/
2024-09-28 04:52:59,776 [WARN] DbFile:41 - Overriding database path with different value: C:\Users\chlqj\.stmcufinder\plugins\mcufinder/ => C:\Users\chlqj\.stmcufinder\plugins\mcufinder
2024-09-28 04:52:59,776 [INFO] ApiDb:250 - Set database path to: C:\Users\chlqj\.stmcufinder\plugins\mcufinder//mcu/
2024-09-28 04:52:59,776 [WARN] DbFile:41 - Overriding database path with different value: C:\Users\chlqj\.stmcufinder\plugins\mcufinder/ => C:\Users\chlqj\.stmcufinder\plugins\mcufinder
2024-09-28 04:52:59,776 [INFO] DbMcusAds:125 - Set database path to: C:\Users\chlqj\.stmcufinder\plugins\mcufinder//mcu/
2024-09-28 04:52:59,776 [WARN] DbFile:41 - Overriding database path with different value: C:\Users\chlqj\.stmcufinder\plugins\mcufinder/ => C:\Users\chlqj\.stmcufinder\plugins\mcufinder
2024-09-28 04:52:59,776 [WARN] DbFile:41 - Overriding database path with different value: C:\Users\chlqj\.stmcufinder\plugins\mcufinder/ => C:\Users\chlqj\.stmcufinder\plugins\mcufinder
2024-09-28 04:52:59,776 [INFO] CrossReferenceDbSqlite:203 - Set database path to: C:\Users\chlqj\.stmcufinder\plugins\mcufinder//mcu/cs/
2024-09-28 04:52:59,798 [INFO] ApplicationProperties:184 - Using Application install path: C:\ST\STM32CubeIDE_1.16.0\STM32CubeIDE\plugins\com.st.stm32cube.common.mx_6.12.0.202406281431
2024-09-28 04:52:59,799 [INFO] PluginManage:196 - Search for loadable plugins [exclusion list=, ]
2024-09-28 04:52:59,801 [INFO] PluginManage:310 - Check plugin analytics
2024-09-28 04:53:00,024 [INFO] AnalyticsPlugin:253 - Accepted Software Licenses: 
2024-09-28 04:53:00,024 [INFO] AnalyticsPlugin:255 - Accepted CMSIS Pack Licenses: 
2024-09-28 04:53:00,025 [INFO] AnalyticsPlugin:257 - Accepted Firmware Licenses: FW.F4.1.28.0
2024-09-28 04:53:00,029 [INFO] PluginManage:359 - Loaded plugin analytics (category:tool,tabindex:-1)
2024-09-28 04:53:00,029 [INFO] PluginManage:310 - Check plugin cadmodel
2024-09-28 04:53:00,050 [INFO] CADModel:105 - Init CAD model plugin
2024-09-28 04:53:00,051 [INFO] PluginManage:359 - Loaded plugin cadmodel (category:power,tabindex:5)
2024-09-28 04:53:00,051 [INFO] PluginManage:310 - Check plugin clock
2024-09-28 04:53:00,073 [INFO] PluginManage:359 - Loaded plugin clock (category:base,tabindex:2)
2024-09-28 04:53:00,073 [INFO] PluginManage:310 - Check plugin ddr
2024-09-28 04:53:00,076 [INFO] PluginManage:359 - Loaded plugin ddr (category:tool,tabindex:6)
2024-09-28 04:53:00,076 [INFO] PluginManage:310 - Check plugin filemanager
2024-09-28 04:53:00,287 [INFO] PluginManage:359 - Loaded plugin filemanager (category:base,tabindex:10)
2024-09-28 04:53:00,288 [INFO] PluginManage:310 - Check plugin ipmanager
2024-09-28 04:53:00,296 [INFO] PluginManage:359 - Loaded plugin ipmanager (category:base,tabindex:5)
2024-09-28 04:53:00,297 [INFO] PluginManage:310 - Check plugin lpbam
2024-09-28 04:53:00,319 [INFO] PluginManage:359 - Loaded plugin lpbam (category:base,tabindex:0)
2024-09-28 04:53:00,319 [INFO] PluginManage:310 - Check plugin memorymap
2024-09-28 04:53:00,355 [INFO] PluginManage:359 - Loaded plugin memorymap (category:base,tabindex:4)
2024-09-28 04:53:00,355 [INFO] PluginManage:310 - Check plugin pinoutandconfiguration
2024-09-28 04:53:00,381 [INFO] PluginManage:359 - Loaded plugin pinoutandconfiguration (category:base,tabindex:1)
2024-09-28 04:53:00,381 [INFO] PluginManage:310 - Check plugin pinoutconfig
2024-09-28 04:53:00,496 [WARN] SupportedApi:132 - Cannot load RTOS API schema: s4s-elt-must-match.1: The content of 'definitions' must match (annotation?, (simpleType | complexType)?, (unique | key | keyref)*)). A problem was found starting at: attribute.
2024-09-28 04:53:00,650 [INFO] PluginManage:359 - Loaded plugin pinoutconfig (category:base,tabindex:0)
2024-09-28 04:53:00,650 [INFO] PluginManage:310 - Check plugin power
2024-09-28 04:53:00,668 [INFO] PluginManage:359 - Loaded plugin power (category:power,tabindex:4)
2024-09-28 04:53:00,669 [INFO] PluginManage:310 - Check plugin projectmanager
2024-09-28 04:53:00,686 [INFO] PluginManage:359 - Loaded plugin projectmanager (category:projectmanager,tabindex:4)
2024-09-28 04:53:00,686 [INFO] PluginManage:310 - Check plugin rif
2024-09-28 04:53:00,703 [INFO] PluginManage:359 - Loaded plugin rif (category:base,tabindex:3)
2024-09-28 04:53:00,703 [INFO] PluginManage:310 - Check plugin thirdparty
2024-09-28 04:53:01,008 [INFO] PluginManage:359 - Loaded plugin thirdparty (category:base,tabindex:-1)
2024-09-28 04:53:01,008 [WARN] IntegrityCheckThread:84 - waiting for thirdparty lock release [integrity check]
2024-09-28 04:53:01,008 [INFO] PluginManage:310 - Check plugin tools
2024-09-28 04:53:01,008 [INFO] IntegrityCheckThread:86 - entering critical section [integrity check]
2024-09-28 04:53:01,008 [INFO] ThirdPartyUpdaterWithRetryManager:70 - Updater plugin not ready yet. [1/15]
2024-09-28 04:53:01,045 [INFO] PluginManage:359 - Loaded plugin tools (category:base,tabindex:7)
2024-09-28 04:53:01,046 [INFO] PluginManage:310 - Check plugin tutovideos
2024-09-28 04:53:01,304 [INFO] PluginManage:359 - Loaded plugin tutovideos (category:base,tabindex:-1)
2024-09-28 04:53:01,304 [INFO] PluginManage:310 - Check plugin updater
2024-09-28 04:53:01,324 [INFO] PluginManage:359 - Loaded plugin updater (category:base,tabindex:12)
2024-09-28 04:53:01,324 [INFO] PluginManage:310 - Check plugin userauth
2024-09-28 04:53:01,331 [INFO] UserAuth:113 - Init User Auth plugin
2024-09-28 04:53:01,331 [INFO] PluginManage:359 - Loaded plugin userauth (category:base,tabindex:14)
2024-09-28 04:53:01,332 [INFO] PluginManage:283 - PluginManage : Loaded plugins [18]
2024-09-28 04:53:01,575 [INFO] PinOutPanel:1561 - setPackage(No Configuration,No Configuration)
2024-09-28 04:53:01,667 [INFO] CADModel:165 - CPN selected for project level
2024-09-28 04:53:01,667 [INFO] CADModel:114 - Register for checkConnection events
2024-09-28 04:53:01,701 [INFO] IPUIPlugin:80 - create IPUIPlugin
2024-09-28 04:53:01,702 [INFO] PluginManager:220 - loadIPPluginJar : add adc
2024-09-28 04:53:01,744 [INFO] IPUIPlugin:80 - create IPUIPlugin
2024-09-28 04:53:01,744 [INFO] PluginManager:220 - loadIPPluginJar : add aes
2024-09-28 04:53:01,800 [INFO] IPUIPlugin:80 - create IPUIPlugin
2024-09-28 04:53:01,800 [INFO] PluginManager:220 - loadIPPluginJar : add can
2024-09-28 04:53:01,826 [INFO] IPUIPlugin:80 - create IPUIPlugin
2024-09-28 04:53:01,826 [INFO] PluginManager:220 - loadIPPluginJar : add comp
2024-09-28 04:53:01,864 [INFO] IPUIPlugin:80 - create IPUIPlugin
2024-09-28 04:53:01,864 [INFO] PluginManager:220 - loadIPPluginJar : add cryp
2024-09-28 04:53:01,880 [INFO] IPUIPlugin:80 - create IPUIPlugin
2024-09-28 04:53:01,880 [INFO] PluginManager:220 - loadIPPluginJar : add ddr_ctrl_phy
2024-09-28 04:53:01,916 [INFO] IPUIPlugin:80 - create IPUIPlugin
2024-09-28 04:53:01,916 [INFO] PluginManager:220 - loadIPPluginJar : add dfsdm
2024-09-28 04:53:01,931 [INFO] IPUIPlugin:80 - create IPUIPlugin
2024-09-28 04:53:01,932 [INFO] PluginManager:220 - loadIPPluginJar : add dma
2024-09-28 04:53:01,981 [INFO] IPUIPlugin:80 - create IPUIPlugin
2024-09-28 04:53:01,981 [INFO] PluginManager:220 - loadIPPluginJar : add dma3
2024-09-28 04:53:02,029 [INFO] IPUIPlugin:80 - create IPUIPlugin
2024-09-28 04:53:02,029 [INFO] PluginManager:220 - loadIPPluginJar : add extmemmanager
2024-09-28 04:53:02,051 [INFO] IPUIPlugin:80 - create IPUIPlugin
2024-09-28 04:53:02,051 [INFO] PluginManager:220 - loadIPPluginJar : add fatfs
2024-09-28 04:53:02,102 [INFO] IPUIPlugin:80 - create IPUIPlugin
2024-09-28 04:53:02,102 [INFO] PluginManager:220 - loadIPPluginJar : add fmc
2024-09-28 04:53:02,117 [INFO] IPUIPlugin:80 - create IPUIPlugin
2024-09-28 04:53:02,117 [INFO] PluginManager:220 - loadIPPluginJar : add freertos
2024-09-28 04:53:02,139 [INFO] IPUIPlugin:80 - create IPUIPlugin
2024-09-28 04:53:02,139 [INFO] PluginManager:220 - loadIPPluginJar : add genericplugin
2024-09-28 04:53:02,247 [INFO] IPUIPlugin:80 - create IPUIPlugin
2024-09-28 04:53:02,247 [INFO] PluginManager:220 - loadIPPluginJar : add gfxmmu
2024-09-28 04:53:02,386 [INFO] IPUIPlugin:80 - create IPUIPlugin
2024-09-28 04:53:02,386 [INFO] PluginManager:220 - loadIPPluginJar : add gic
2024-09-28 04:53:02,401 [INFO] IPUIPlugin:80 - create IPUIPlugin
2024-09-28 04:53:02,401 [INFO] PluginManager:220 - loadIPPluginJar : add gpio
2024-09-28 04:53:02,504 [INFO] IPUIPlugin:80 - create IPUIPlugin
2024-09-28 04:53:02,504 [INFO] PluginManager:220 - loadIPPluginJar : add gtzc
2024-09-28 04:53:02,540 [INFO] IPUIPlugin:80 - create IPUIPlugin
2024-09-28 04:53:02,540 [INFO] PluginManager:220 - loadIPPluginJar : add hash
2024-09-28 04:53:02,595 [INFO] IPUIPlugin:80 - create IPUIPlugin
2024-09-28 04:53:02,595 [INFO] PluginManager:220 - loadIPPluginJar : add i2c
2024-09-28 04:53:02,636 [INFO] IPUIPlugin:80 - create IPUIPlugin
2024-09-28 04:53:02,637 [INFO] PluginManager:220 - loadIPPluginJar : add i2s
2024-09-28 04:53:02,689 [INFO] IPUIPlugin:80 - create IPUIPlugin
2024-09-28 04:53:02,689 [INFO] PluginManager:220 - loadIPPluginJar : add i3c
2024-09-28 04:53:02,804 [INFO] IPUIPlugin:80 - create IPUIPlugin
2024-09-28 04:53:02,804 [INFO] PluginManager:220 - loadIPPluginJar : add ipddr
2024-09-28 04:53:02,907 [INFO] IPUIPlugin:80 - create IPUIPlugin
2024-09-28 04:53:02,907 [INFO] PluginManager:220 - loadIPPluginJar : add linkedlist
2024-09-28 04:53:02,947 [INFO] IPUIPlugin:80 - create IPUIPlugin
2024-09-28 04:53:02,947 [INFO] PluginManager:220 - loadIPPluginJar : add lorawan
2024-09-28 04:53:02,989 [INFO] IPUIPlugin:80 - create IPUIPlugin
2024-09-28 04:53:02,989 [INFO] PluginManager:220 - loadIPPluginJar : add ltdc
2024-09-28 04:53:03,004 [INFO] IPUIPlugin:80 - create IPUIPlugin
2024-09-28 04:53:03,004 [INFO] PluginManager:220 - loadIPPluginJar : add mdma
2024-09-28 04:53:03,017 [INFO] IPUIPlugin:80 - create IPUIPlugin
2024-09-28 04:53:03,018 [INFO] PluginManager:220 - loadIPPluginJar : add nvic
2024-09-28 04:53:03,062 [INFO] IPUIPlugin:80 - create IPUIPlugin
2024-09-28 04:53:03,062 [INFO] PluginManager:220 - loadIPPluginJar : add opamp
2024-09-28 04:53:03,130 [INFO] IPUIPlugin:80 - create IPUIPlugin
2024-09-28 04:53:03,130 [INFO] PluginManager:220 - loadIPPluginJar : add openamp
2024-09-28 04:53:03,175 [INFO] IPUIPlugin:80 - create IPUIPlugin
2024-09-28 04:53:03,175 [INFO] PluginManager:220 - loadIPPluginJar : add pdm2pcm
2024-09-28 04:53:03,192 [INFO] IPUIPlugin:80 - create IPUIPlugin
2024-09-28 04:53:03,193 [INFO] PluginManager:220 - loadIPPluginJar : add plateformsettings
2024-09-28 04:53:03,217 [INFO] IPUIPlugin:80 - create IPUIPlugin
2024-09-28 04:53:03,217 [INFO] PluginManager:220 - loadIPPluginJar : add quadspi
2024-09-28 04:53:03,247 [INFO] IPUIPlugin:80 - create IPUIPlugin
2024-09-28 04:53:03,248 [INFO] PluginManager:220 - loadIPPluginJar : add radio
2024-09-28 04:53:03,263 [INFO] IPUIPlugin:80 - create IPUIPlugin
2024-09-28 04:53:03,263 [INFO] PluginManager:220 - loadIPPluginJar : add resmgrutility
2024-09-28 04:53:03,317 [INFO] IPUIPlugin:80 - create IPUIPlugin
2024-09-28 04:53:03,317 [INFO] PluginManager:220 - loadIPPluginJar : add sai
2024-09-28 04:53:03,357 [INFO] IPUIPlugin:80 - create IPUIPlugin
2024-09-28 04:53:03,357 [INFO] PluginManager:220 - loadIPPluginJar : add spi
2024-09-28 04:53:03,429 [INFO] IPUIPlugin:80 - create IPUIPlugin
2024-09-28 04:53:03,430 [INFO] PluginManager:220 - loadIPPluginJar : add stm32_wpan
2024-09-28 04:53:03,454 [INFO] IPUIPlugin:80 - create IPUIPlugin
2024-09-28 04:53:03,454 [INFO] PluginManager:220 - loadIPPluginJar : add tim
2024-09-28 04:53:03,529 [INFO] IPUIPlugin:80 - create IPUIPlugin
2024-09-28 04:53:03,529 [INFO] PluginManager:220 - loadIPPluginJar : add touchsensing
2024-09-28 04:53:03,555 [INFO] IPUIPlugin:80 - create IPUIPlugin
2024-09-28 04:53:03,555 [INFO] PluginManager:220 - loadIPPluginJar : add tracer_emb
2024-09-28 04:53:03,580 [INFO] IPUIPlugin:80 - create IPUIPlugin
2024-09-28 04:53:03,580 [INFO] PluginManager:220 - loadIPPluginJar : add ts
2024-09-28 04:53:03,607 [INFO] IPUIPlugin:80 - create IPUIPlugin
2024-09-28 04:53:03,607 [INFO] PluginManager:220 - loadIPPluginJar : add tsc
2024-09-28 04:53:03,634 [INFO] IPUIPlugin:80 - create IPUIPlugin
2024-09-28 04:53:03,634 [INFO] PluginManager:220 - loadIPPluginJar : add ucpd
2024-09-28 04:53:03,687 [INFO] IPUIPlugin:80 - create IPUIPlugin
2024-09-28 04:53:03,688 [INFO] PluginManager:220 - loadIPPluginJar : add usart
2024-09-28 04:53:03,743 [INFO] IPUIPlugin:80 - create IPUIPlugin
2024-09-28 04:53:03,743 [INFO] PluginManager:220 - loadIPPluginJar : add usbx
2024-09-28 04:53:03,869 [INFO] CADModel:165 - CPN selected for project level
2024-09-28 04:53:03,869 [INFO] CADModel:114 - Register for checkConnection events
2024-09-28 04:53:03,870 [FATAL] Updater:334 - Updater called before beeing initialized
2024-09-28 04:53:03,870 [ERROR] CADModel:125 - Updater not yet initialized, retry later 
2024-09-28 04:53:04,010 [INFO] ThirdPartyUpdaterWithRetryManager:70 - Updater plugin not ready yet. [2/15]
2024-09-28 04:53:04,022 [INFO] CADModel:165 - CPN selected for project level
2024-09-28 04:53:04,022 [INFO] CADModel:114 - Register for checkConnection events
2024-09-28 04:53:04,022 [FATAL] Updater:334 - Updater called before beeing initialized
2024-09-28 04:53:04,022 [ERROR] CADModel:125 - Updater not yet initialized, retry later 
2024-09-28 04:53:04,027 [FATAL] Updater:334 - Updater called before beeing initialized
2024-09-28 04:53:04,126 [FATAL] Updater:334 - Updater called before beeing initialized
2024-09-28 04:53:04,138 [INFO] DbMcusAds:53 - JSON generation date=Fri Sep 20 22:04:23 KST 2024 (1726837463113)
2024-09-28 04:53:04,139 [FATAL] Updater:334 - Updater called before beeing initialized
2024-09-28 04:53:04,185 [WARN] DetailPanel:346 - Failed to get advertising image, set to default
2024-09-28 04:53:04,285 [FATAL] Updater:334 - Updater called before beeing initialized
2024-09-28 04:53:04,287 [FATAL] Updater:334 - Updater called before beeing initialized
2024-09-28 04:53:04,287 [FATAL] Updater:334 - Updater called before beeing initialized
2024-09-28 04:53:04,287 [WARN] DetailPanel:346 - Failed to get advertising image, set to default
2024-09-28 04:53:04,288 [FATAL] Updater:334 - Updater called before beeing initialized
2024-09-28 04:53:04,381 [ERROR] Updater:1164 - MainUpdater not yet initialized. External WinMGr cannot be set.
2024-09-28 04:53:04,394 [INFO] Updater:1100 - Updater Version found : 6.12.0
2024-09-28 04:53:04,415 [INFO] ApplicationProperties:184 - Using Application install path: C:\ST\STM32CubeIDE_1.16.0\STM32CubeIDE\plugins\com.st.stm32cube.common.mx_6.12.0.202406281431
2024-09-28 04:53:06,005 [ERROR] LogOutputStream:75 - [STDERR_REDIRECT] Sep 28, 2024 4:53:06 AM java.util.prefs.WindowsPreferences <init>
2024-09-28 04:53:06,007 [ERROR] LogOutputStream:75 - [STDERR_REDIRECT] WARNING: Could not open/create prefs root node Software\JavaSoft\Prefs at root 0xffffffff80000002. Windows RegCreateKeyEx(...) returned error code 5.
2024-09-28 04:53:06,007 [ERROR] LogOutputStream:75 - [STDERR_REDIRECT] 
2024-09-28 04:53:06,973 [INFO] MainUpdater:2873 - connection check result : 10
2024-09-28 04:53:06,974 [INFO] MainUpdater:290 - Updater Check For Update Now.
2024-09-28 04:53:06,975 [INFO] MicroXplorer:498 - Change Database Version : DB.6.0.120
2024-09-28 04:53:07,001 [INFO] McuFinderGlobals:63 - Set McuFinder mode to 2 (CubeIDE integrated)
2024-09-28 04:53:07,011 [WARN] MainUpdater:1194 - Updater busy. Cannot search thirdparties
2024-09-28 04:53:07,011 [INFO] UserAuth:417 - Internet connection configuration mode: 1
2024-09-28 04:53:07,011 [INFO] ThirdPartyUpdaterWithRetryManager:96 - Updater plugin is busy. [1/15]
2024-09-28 04:53:07,049 [INFO] JxBrowserEngine:152 - Initiate JxBrowser Engine with user profile folder
2024-09-28 04:53:07,226 [INFO] CheckServerUpdateThread:120 - End of CheckServer Thread
2024-09-28 04:53:09,721 [INFO] WebApp:167 - Instantiating new browser for Auth
2024-09-28 04:53:10,568 [WARN] PackLoader:240 - Cannot read IP mode file for STMicroelectronics.FP-SNS-MOTENVWB1.1.4.0
2024-09-28 04:53:10,616 [WARN] PackLoader:240 - Cannot read IP mode file for STMicroelectronics.X-CUBE-SMBUS.2.1.0
2024-09-28 04:53:10,714 [WARN] PackLoader:240 - Cannot read IP mode file for STMicroelectronics.X-CUBE-AZRTOS-F7.1.1.0
2024-09-28 04:53:10,889 [WARN] PackLoader:240 - Cannot read IP mode file for STMicroelectronics.X-CUBE-MEMS1.11.0.0
2024-09-28 04:53:10,902 [INFO] WebApp:448 - Apply proxy settings
2024-09-28 04:53:10,903 [INFO] WebApp:533 - Chromium requires no authentication
2024-09-28 04:53:10,939 [INFO] WebApp:476 - Direct internet connection detected
2024-09-28 04:53:11,004 [INFO] WebApp:869 - Register for checkConnection events
2024-09-28 04:53:11,004 [INFO] WebApp:448 - Apply proxy settings
2024-09-28 04:53:11,005 [INFO] WebApp:533 - Chromium requires no authentication
2024-09-28 04:53:11,006 [INFO] WebApp:476 - Direct internet connection detected
2024-09-28 04:53:11,262 [WARN] PackLoader:240 - Cannot read IP mode file for STMicroelectronics.FP-SNS-FLIGHT1.5.0.2
2024-09-28 04:53:11,334 [WARN] PackLoader:240 - Cannot read IP mode file for STMicroelectronics.X-CUBE-DISPLAY.3.0.0
2024-09-28 04:53:11,397 [WARN] PackLoader:240 - Cannot read IP mode file for STMicroelectronics.X-CUBE-BLE1.7.0.0
2024-09-28 04:53:11,431 [WARN] PackLoader:240 - Cannot read IP mode file for emotas.I-CUBE-CANOPEN.1.3.0
2024-09-28 04:53:11,464 [WARN] PackLoader:240 - Cannot read IP mode file for STMicroelectronics.X-CUBE-BLEMGR.3.1.0
2024-09-28 04:53:11,498 [WARN] PackLoader:240 - Cannot read IP mode file for STMicroelectronics.FP-SNS-SMARTAG2.1.2.0
2024-09-28 04:53:11,536 [INFO] LogOutputStream:77 - [STDOUT_REDIRECT] 1 : Invalid condition id : UX_CORESTACK_Condition cause : null
2024-09-28 04:53:11,537 [INFO] LogOutputStream:77 - [STDOUT_REDIRECT] 1 : Invalid condition id : UX_CORESTACK_Condition cause : null
2024-09-28 04:53:11,538 [INFO] LogOutputStream:77 - [STDOUT_REDIRECT] 1 : Invalid condition id : UX_CORESTACK_Condition cause : null
2024-09-28 04:53:11,540 [INFO] LogOutputStream:77 - [STDOUT_REDIRECT] 1 : Invalid condition id : UX_CORESTACK_Condition cause : null
2024-09-28 04:53:11,541 [INFO] LogOutputStream:77 - [STDOUT_REDIRECT] 1 : Invalid condition id : UX_CORESTACK_Condition cause : null
2024-09-28 04:53:11,546 [WARN] PackLoader:240 - Cannot read IP mode file for STMicroelectronics.X-CUBE-AZRTOS-WL.2.0.0
2024-09-28 04:53:11,577 [WARN] PackLoader:240 - Cannot read IP mode file for STMicroelectronics.FP-SNS-MOTENV1.5.0.0
2024-09-28 04:53:11,600 [WARN] PackLoader:240 - Cannot read IP mode file for wolfSSL.I-CUBE-wolfMQTT.1.19.0
2024-09-28 04:53:11,620 [INFO] WebApp:220 - Starting web application
2024-09-28 04:53:11,620 [INFO] WebApp:578 - Web application path used C:\ST\STM32CubeIDE_1.16.0\STM32CubeIDE\plugins\com.st.stm32cube.common.mx_6.12.0.202406281431\db\plugins\mcufinder\reactClient1\index.html
2024-09-28 04:53:11,633 [WARN] PackLoader:240 - Cannot read IP mode file for WES.I-CUBE-Cesium.1.3.0
2024-09-28 04:53:11,676 [WARN] PackLoader:240 - Cannot read IP mode file for STMicroelectronics.X-CUBE-BLE2.3.3.0
2024-09-28 04:53:11,720 [WARN] PackLoader:240 - Cannot read IP mode file for STMicroelectronics.X-CUBE-TCPP.4.1.0
2024-09-28 04:53:11,778 [WARN] PackLoader:240 - Cannot read IP mode file for STMicroelectronics.X-CUBE-AZRTOS-G0.1.1.0
2024-09-28 04:53:11,811 [WARN] PackLoader:240 - Cannot read IP mode file for STMicroelectronics.X-CUBE-SAFEA1.1.2.2
2024-09-28 04:53:11,843 [WARN] PackLoader:240 - Cannot read IP mode file for STMicroelectronics.X-CUBE-NFC4.3.0.0
2024-09-28 04:53:11,885 [WARN] PackLoader:240 - Cannot read IP mode file for EmbeddedOffice.I-CUBE-FS-RTOS.1.0.1
2024-09-28 04:53:11,886 [ERROR] ConditionMgr:805 - Attr not supported : Dmpu
2024-09-28 04:53:11,886 [ERROR] ConditionMgr:805 - Attr not supported : Dmpu
2024-09-28 04:53:11,887 [ERROR] ConditionMgr:805 - Attr not supported : Dmpu
2024-09-28 04:53:11,887 [ERROR] ConditionMgr:805 - Attr not supported : Dmpu
2024-09-28 04:53:11,887 [ERROR] ConditionMgr:805 - Attr not supported : Dmpu
2024-09-28 04:53:11,887 [ERROR] ConditionMgr:805 - Attr not supported : Dmpu
2024-09-28 04:53:11,887 [ERROR] ConditionMgr:805 - Attr not supported : Dmpu
2024-09-28 04:53:11,887 [ERROR] ConditionMgr:805 - Attr not supported : Dmpu
2024-09-28 04:53:11,887 [ERROR] ConditionMgr:805 - Attr not supported : Dmpu
2024-09-28 04:53:11,887 [ERROR] ConditionMgr:805 - Attr not supported : Dmpu
2024-09-28 04:53:11,887 [ERROR] ConditionMgr:805 - Attr not supported : Dmpu
2024-09-28 04:53:11,887 [ERROR] ConditionMgr:805 - Attr not supported : Dmpu
2024-09-28 04:53:11,887 [ERROR] ConditionMgr:805 - Attr not supported : Dmpu
2024-09-28 04:53:11,887 [ERROR] ConditionMgr:805 - Attr not supported : Dmpu
2024-09-28 04:53:11,888 [ERROR] ConditionMgr:805 - Attr not supported : Dmpu
2024-09-28 04:53:11,888 [ERROR] ConditionMgr:805 - Attr not supported : Dmpu
2024-09-28 04:53:11,888 [ERROR] ConditionMgr:805 - Attr not supported : Dmpu
2024-09-28 04:53:11,888 [ERROR] ConditionMgr:805 - Attr not supported : Dmpu
2024-09-28 04:53:11,888 [ERROR] ConditionMgr:805 - Attr not supported : Dmpu
2024-09-28 04:53:11,888 [ERROR] ConditionMgr:805 - Attr not supported : Dmpu
2024-09-28 04:53:11,888 [ERROR] ConditionMgr:805 - Attr not supported : Dmpu
2024-09-28 04:53:11,888 [ERROR] ConditionMgr:805 - Attr not supported : Dmpu
2024-09-28 04:53:11,888 [ERROR] ConditionMgr:805 - Attr not supported : Dmpu
2024-09-28 04:53:11,888 [ERROR] ConditionMgr:805 - Attr not supported : Dmpu
2024-09-28 04:53:11,888 [ERROR] ConditionMgr:805 - Attr not supported : Dmpu
2024-09-28 04:53:11,889 [ERROR] ConditionMgr:805 - Attr not supported : Dmpu
2024-09-28 04:53:11,889 [ERROR] ConditionMgr:805 - Attr not supported : Dmpu
2024-09-28 04:53:11,889 [ERROR] ConditionMgr:805 - Attr not supported : Dmpu
2024-09-28 04:53:11,889 [ERROR] ConditionMgr:805 - Attr not supported : Dmpu
2024-09-28 04:53:11,889 [ERROR] ConditionMgr:805 - Attr not supported : Dmpu
2024-09-28 04:53:11,889 [ERROR] ConditionMgr:805 - Attr not supported : Dmpu
2024-09-28 04:53:11,889 [ERROR] ConditionMgr:805 - Attr not supported : Dmpu
2024-09-28 04:53:11,889 [ERROR] ConditionMgr:805 - Attr not supported : Dmpu
2024-09-28 04:53:11,889 [ERROR] ConditionMgr:805 - Attr not supported : Dmpu
2024-09-28 04:53:11,889 [ERROR] ConditionMgr:805 - Attr not supported : Dmpu
2024-09-28 04:53:11,889 [ERROR] ConditionMgr:805 - Attr not supported : Dmpu
2024-09-28 04:53:11,890 [ERROR] ConditionMgr:805 - Attr not supported : Dmpu
2024-09-28 04:53:11,890 [ERROR] ConditionMgr:805 - Attr not supported : Dmpu
2024-09-28 04:53:11,890 [ERROR] ConditionMgr:805 - Attr not supported : Dmpu
2024-09-28 04:53:11,890 [ERROR] ConditionMgr:805 - Attr not supported : Dmpu
2024-09-28 04:53:11,890 [ERROR] ConditionMgr:805 - Attr not supported : Dmpu
2024-09-28 04:53:11,891 [ERROR] ConditionMgr:805 - Attr not supported : Dmpu
2024-09-28 04:53:11,891 [ERROR] ConditionMgr:805 - Attr not supported : Dmpu
2024-09-28 04:53:11,891 [ERROR] ConditionMgr:805 - Attr not supported : Dmpu
2024-09-28 04:53:11,891 [ERROR] ConditionMgr:805 - Attr not supported : Dmpu
2024-09-28 04:53:11,891 [ERROR] ConditionMgr:805 - Attr not supported : Dmpu
2024-09-28 04:53:11,891 [ERROR] ConditionMgr:805 - Attr not supported : Dmpu
2024-09-28 04:53:11,891 [ERROR] ConditionMgr:805 - Attr not supported : Dmpu
2024-09-28 04:53:11,891 [ERROR] ConditionMgr:805 - Attr not supported : Dmpu
2024-09-28 04:53:11,891 [ERROR] ConditionMgr:805 - Attr not supported : Dmpu
2024-09-28 04:53:11,891 [ERROR] ConditionMgr:805 - Attr not supported : Dmpu
2024-09-28 04:53:11,892 [ERROR] ConditionMgr:805 - Attr not supported : Dmpu
2024-09-28 04:53:11,892 [ERROR] ConditionMgr:805 - Attr not supported : Dmpu
2024-09-28 04:53:11,892 [ERROR] ConditionMgr:805 - Attr not supported : Dmpu
2024-09-28 04:53:11,892 [ERROR] ConditionMgr:805 - Attr not supported : Dmpu
2024-09-28 04:53:11,892 [ERROR] ConditionMgr:805 - Attr not supported : Dmpu
2024-09-28 04:53:11,892 [ERROR] ConditionMgr:805 - Attr not supported : Dmpu
2024-09-28 04:53:11,892 [ERROR] ConditionMgr:805 - Attr not supported : Dmpu
2024-09-28 04:53:11,892 [ERROR] ConditionMgr:805 - Attr not supported : Dmpu
2024-09-28 04:53:11,892 [ERROR] ConditionMgr:805 - Attr not supported : Dmpu
2024-09-28 04:53:11,892 [ERROR] ConditionMgr:805 - Attr not supported : Dmpu
2024-09-28 04:53:11,892 [ERROR] ConditionMgr:805 - Attr not supported : Dmpu
2024-09-28 04:53:11,892 [ERROR] ConditionMgr:805 - Attr not supported : Dmpu
2024-09-28 04:53:11,892 [ERROR] ConditionMgr:805 - Attr not supported : Dmpu
2024-09-28 04:53:11,927 [WARN] PackLoader:240 - Cannot read IP mode file for RealThread.X-CUBE-RT-Thread_Nano.4.1.1
2024-09-28 04:53:11,961 [WARN] PackLoader:240 - Cannot read IP mode file for STMicroelectronics.FP-ATR-SIGFOX1.3.2.0
2024-09-28 04:53:11,986 [INFO] WebApp:186 - Connection restablished
2024-09-28 04:53:12,000 [INFO] UserAuth:417 - Internet connection configuration mode: 1
2024-09-28 04:53:12,041 [WARN] PackLoader:240 - Cannot read IP mode file for wolfSSL.I-CUBE-wolfSSL.5.7.2
2024-09-28 04:53:12,094 [WARN] PackLoader:240 - Cannot read IP mode file for STMicroelectronics.X-CUBE-EEPRMA1.5.1.0
2024-09-28 04:53:12,135 [WARN] PackLoader:240 - Cannot read IP mode file for ITTIA_DB.I-CUBE-ITTIADB.8.9.0
2024-09-28 04:53:12,248 [WARN] PackLoader:240 - Cannot read IP mode file for SEGGER.I-CUBE-embOS.1.3.1
2024-09-28 04:53:12,366 [WARN] PackLoader:240 - Cannot read IP mode file for STMicroelectronics.X-CUBE-ALGOBUILD.1.4.0
2024-09-28 04:53:12,429 [WARN] PackLoader:240 - Cannot read IP mode file for STMicroelectronics.X-CUBE-AZRTOS-F4.1.1.0
2024-09-28 04:53:12,494 [WARN] PackLoader:240 - Cannot read IP mode file for STMicroelectronics.X-CUBE-ISPU.2.1.0
2024-09-28 04:53:12,581 [WARN] PackLoader:240 - Cannot read IP mode file for STMicroelectronics.X-CUBE-FREERTOS.1.2.0
2024-09-28 04:53:12,691 [WARN] PackLoader:240 - Cannot read IP mode file for STMicroelectronics.X-CUBE-AZRTOS-L5.2.0.0
2024-09-28 04:53:12,731 [WARN] PackLoader:240 - Cannot read IP mode file for STMicroelectronics.X-CUBE-NFC6.3.1.0
2024-09-28 04:53:12,777 [WARN] PackLoader:240 - Cannot read IP mode file for STMicroelectronics.X-CUBE-DPower.1.2.0
2024-09-28 04:53:12,836 [WARN] PackLoader:240 - Cannot read IP mode file for STMicroelectronics.X-CUBE-AI.9.0.0
2024-09-28 04:53:12,869 [WARN] PackLoader:240 - Cannot read IP mode file for STMicroelectronics.X-CUBE-NFC7.1.0.1
2024-09-28 04:53:12,943 [WARN] ConditionMgr:438 - getConditionDescription Invalid condition id : LAN8742 Phy interface Condition cause : null
2024-09-28 04:53:12,945 [WARN] PackLoader:240 - Cannot read IP mode file for STMicroelectronics.X-CUBE-AZRTOS-L4.2.0.0
2024-09-28 04:53:12,948 [WARN] ConditionMgr:1039 - genDependencies : Invalid condition id : LAN8742 Phy interface Condition cause : null
2024-09-28 04:53:12,949 [WARN] ConditionMgr:1039 - genDependencies : Invalid condition id : LAN8742 Phy interface Condition cause : null
2024-09-28 04:53:12,950 [WARN] ConditionMgr:1039 - genDependencies : Invalid condition id : LAN8742 Phy interface Condition cause : null
2024-09-28 04:53:12,990 [WARN] PackLoader:240 - Cannot read IP mode file for STMicroelectronics.X-CUBE-SFXS2LP1.4.0.0
2024-09-28 04:53:13,070 [WARN] PackLoader:240 - Cannot read IP mode file for STMicroelectronics.X-CUBE-AZRTOS-H7.3.3.0
2024-09-28 04:53:13,152 [WARN] ConditionMgr:438 - getConditionDescription Invalid condition id : UX DEVICE CLASS RTOS Condition cause : null
2024-09-28 04:53:13,153 [WARN] ConditionMgr:438 - getConditionDescription Invalid condition id : UX DEVICE CLASS RTOS Condition cause : null
2024-09-28 04:53:13,156 [WARN] PackLoader:240 - Cannot read IP mode file for STMicroelectronics.X-CUBE-AZRTOS-WB.2.0.0
2024-09-28 04:53:13,157 [WARN] ConditionMgr:1039 - genDependencies : Invalid condition id : UX DEVICE CLASS RTOS Condition cause : null
2024-09-28 04:53:13,157 [WARN] ConditionMgr:1039 - genDependencies : Invalid condition id : UX DEVICE CLASS RTOS Condition cause : null
2024-09-28 04:53:13,159 [WARN] ConditionMgr:1039 - genDependencies : Invalid condition id : UX DEVICE CLASS RTOS Condition cause : null
2024-09-28 04:53:13,159 [WARN] ConditionMgr:1039 - genDependencies : Invalid condition id : UX DEVICE CLASS RTOS Condition cause : null
2024-09-28 04:53:13,159 [WARN] ConditionMgr:1039 - genDependencies : Invalid condition id : UX DEVICE CLASS RTOS Condition cause : null
2024-09-28 04:53:13,332 [WARN] PackLoader:240 - Cannot read IP mode file for STMicroelectronics.X-CUBE-GNSS1.7.0.0
2024-09-28 04:53:13,426 [WARN] PackLoader:240 - Cannot read IP mode file for STMicroelectronics.FP-SNS-STBOX1.2.0.0
2024-09-28 04:53:13,480 [WARN] PackLoader:240 - Cannot read IP mode file for STMicroelectronics.X-CUBE-SUBG2.5.0.0
2024-09-28 04:53:13,536 [WARN] PackLoader:240 - Cannot read IP mode file for Cesanta.I-CUBE-Mongoose.7.13.0
2024-09-28 04:53:13,606 [WARN] PackLoader:240 - Cannot read IP mode file for STMicroelectronics.X-CUBE-AZRTOS-G4.2.0.0
2024-09-28 04:53:13,638 [WARN] PackLoader:240 - Cannot read IP mode file for STMicroelectronics.X-CUBE-ISPU.2.0.0
2024-09-28 04:53:13,676 [WARN] PackLoader:240 - Cannot read IP mode file for STMicroelectronics.X-CUBE-ALS.1.0.2
2024-09-28 04:53:13,723 [WARN] PackLoader:240 - Cannot read IP mode file for STMicroelectronics.X-CUBE-TOUCHGFX.4.24.0
2024-09-28 04:53:13,756 [WARN] PackLoader:240 - Cannot read IP mode file for STMicroelectronics.X-CUBE-TOUCHGFX.4.24.1
2024-09-28 04:53:13,788 [WARN] PackLoader:240 - Cannot read IP mode file for wolfSSL.I-CUBE-wolfTPM.3.4.0
2024-09-28 04:53:13,846 [WARN] PackLoader:240 - Cannot read IP mode file for portGmbH.I-Cube-SoM-uGOAL.1.1.0
2024-09-28 04:53:13,918 [WARN] PackLoader:240 - Cannot read IP mode file for STMicroelectronics.X-CUBE-AZRTOS-H7RS.1.0.0
2024-09-28 04:53:13,977 [WARN] PackLoader:240 - Cannot read IP mode file for STMicroelectronics.FP-ATR-ASTRA1.2.0.0
2024-09-28 04:53:14,021 [WARN] PackLoader:240 - Cannot read IP mode file for STMicroelectronics.X-CUBE-TOF1.3.4.2
2024-09-28 04:53:14,104 [WARN] PackLoader:240 - Cannot read IP mode file for Infineon.AIROC-Wi-Fi-Bluetooth-STM32.1.6.1
2024-09-28 04:53:14,139 [WARN] PackLoader:240 - Cannot read IP mode file for wolfSSL.I-CUBE-wolfSSH.1.4.17
2024-09-28 04:53:14,139 [INFO] ThirdParty:978 - Integrity check success = true
2024-09-28 04:53:14,141 [INFO] IntegrityCheckThread:100 - exiting critical section [integrity check]
2024-09-28 04:53:14,141 [INFO] IntegrityCheckThread:103 - End integrity checks thread
2024-09-28 21:15:47,742 [INFO] WebApp:189 - Connection lost
2024-09-28 21:15:48,060 [INFO] WebApp:186 - Connection restablished
