2024-09-25 00:19:06,983 [INFO] MainUpdater:2873 - connection check result : 10
2024-09-25 00:19:07,007 [INFO] MainUpdater:2873 - connection check result : 10
2024-09-25 00:19:07,129 [INFO] MicroXplorer:468 - Change Database Path : 
2024-09-25 00:19:07,129 [INFO] MicroXplorer:498 - Change Database Version : DB.6.0.120
2024-09-25 00:19:07,164 [ERROR] ProjectManagerView:394 - 
java.lang.NullPointerException: Cannot invoke "javax.swing.JTextField.getText()" because the return value of "java.util.List.get(int)" is null
	at com.st.microxplorer.plugins.projectmanager.gui.ProjectChoiceTab$10.caretUpdate(ProjectChoiceTab.java:2622) ~[filemanager.jar:?]
	at javax.swing.text.JTextComponent.fireCaretUpdate(JTextComponent.java:412) ~[?:?]
	at javax.swing.text.JTextComponent$MutableCaretEvent.fire(JTextComponent.java:4491) ~[?:?]
	at javax.swing.text.JTextComponent$MutableCaretEvent.stateChanged(JTextComponent.java:4513) ~[?:?]
	at javax.swing.text.DefaultCaret.fireStateChanged(DefaultCaret.java:842) ~[?:?]
	at javax.swing.text.DefaultCaret.changeCaretPosition(DefaultCaret.java:1313) ~[?:?]
	at javax.swing.text.DefaultCaret.handleSetDot(DefaultCaret.java:1212) ~[?:?]
	at javax.swing.text.DefaultCaret.setDot(DefaultCaret.java:1193) ~[?:?]
	at javax.swing.text.DefaultCaret$Handler.insertUpdate(DefaultCaret.java:1789) ~[?:?]
	at javax.swing.text.AbstractDocument.fireInsertUpdate(AbstractDocument.java:226) ~[?:?]
	at javax.swing.text.AbstractDocument.handleInsertString(AbstractDocument.java:780) ~[?:?]
	at javax.swing.text.AbstractDocument.insertString(AbstractDocument.java:739) ~[?:?]
	at javax.swing.text.PlainDocument.insertString(PlainDocument.java:131) ~[?:?]
	at javax.swing.text.AbstractDocument.replace(AbstractDocument.java:698) ~[?:?]
	at javax.swing.text.JTextComponent.setText(JTextComponent.java:1729) ~[?:?]
	at com.st.microxplorer.plugins.projectmanager.gui.ProjectChoiceTab.createHeapStackFields(ProjectChoiceTab.java:972) ~[filemanager.jar:?]
	at com.st.microxplorer.plugins.projectmanager.gui.ProjectChoiceTab.buildLinkSettingsPanel(ProjectChoiceTab.java:3597) ~[filemanager.jar:?]
	at com.st.microxplorer.plugins.projectmanager.gui.ProjectChoiceTab.defineWindowsFields(ProjectChoiceTab.java:1940) ~[filemanager.jar:?]
	at com.st.microxplorer.plugins.projectmanager.gui.ProjectChoiceTab.updateSettings(ProjectChoiceTab.java:550) ~[filemanager.jar:?]
	at com.st.microxplorer.plugins.projectmanager.gui.ProjectSettingsPanel.UpdateDialog(ProjectSettingsPanel.java:245) ~[filemanager.jar:?]
	at com.st.microxplorer.plugins.projectmanager.ProjectManagerView.propertyChange(ProjectManagerView.java:391) ~[filemanager.jar:?]
	at java.beans.PropertyChangeSupport.fire(PropertyChangeSupport.java:343) ~[?:?]
	at java.beans.PropertyChangeSupport.firePropertyChange(PropertyChangeSupport.java:335) ~[?:?]
	at java.beans.PropertyChangeSupport.firePropertyChange(PropertyChangeSupport.java:268) ~[?:?]
	at com.st.microxplorer.util.MXPropertyChangeSupport.firePropertyChange(MXPropertyChangeSupport.java:54) ~[STM32CubeMX.jar:?]
	at com.st.microxplorer.mxsystem.MxSystem.closeConfig(MxSystem.java:900) ~[STM32CubeMX.jar:?]
	at com.st.microxplorer.maingui.MainPanel.closeConfig(MainPanel.java:781) ~[STM32CubeMX.jar:?]
	at com.st.microxplorer.plugins.filemanager.engine.OpenFileManager.loadConfigurationFile(OpenFileManager.java:265) ~[filemanager.jar:?]
	at com.st.microxplorer.plugins.filemanager.engine.MainFileManager.userLoadConfig(MainFileManager.java:352) ~[filemanager.jar:?]
	at com.st.microxplorer.plugins.filemanager.engine.MainFileManager.userLoadConfig(MainFileManager.java:330) ~[filemanager.jar:?]
	at com.st.microxplorer.plugins.filemanager.FileManagerView.getSpecificTask(FileManagerView.java:246) ~[filemanager.jar:?]
	at com.st.stm32cube.common.mx.editor.CubeMxEditor.getMxTabbedPaneInstance(CubeMxEditor.java:1198) ~[com.st.stm32cube.common.mx_6.12.0.202406281431/:?]
	at com.st.stm32cube.common.mx.editor.CubeMxEditor$12$1.createSwingComponent(CubeMxEditor.java:1068) ~[com.st.stm32cube.common.mx_6.12.0.202406281431/:?]
	at com.st.stm32cube.common.mx.oss.core.awtswtbridge.EmbeddedSwingComposite.doComponentCreation(EmbeddedSwingComposite.java:492) ~[com.st.stm32cube.common.mx.oss_6.12.0.202406281431/:?]
	at com.st.stm32cube.common.mx.oss.core.awtswtbridge.EmbeddedSwingComposite$4.run(EmbeddedSwingComposite.java:291) ~[com.st.stm32cube.common.mx.oss_6.12.0.202406281431/:?]
	at com.st.stm32cube.common.mx.oss.core.awtswtbridge.AwtEnvironment$2.run(AwtEnvironment.java:166) ~[com.st.stm32cube.common.mx.oss_6.12.0.202406281431/:?]
	at java.awt.event.InvocationEvent.dispatch(InvocationEvent.java:318) ~[?:?]
	at java.awt.EventQueue.dispatchEventImpl(EventQueue.java:773) ~[?:?]
	at java.awt.EventQueue$4.run(EventQueue.java:720) ~[?:?]
	at java.awt.EventQueue$4.run(EventQueue.java:714) ~[?:?]
	at java.security.AccessController.doPrivileged(AccessController.java:399) ~[?:?]
	at java.security.ProtectionDomain$JavaSecurityAccessImpl.doIntersectionPrivilege(ProtectionDomain.java:86) ~[?:?]
	at java.awt.EventQueue.dispatchEvent(EventQueue.java:742) ~[?:?]
	at java.awt.EventDispatchThread.pumpOneEventForFilters(EventDispatchThread.java:203) ~[?:?]
	at java.awt.EventDispatchThread.pumpEventsForFilter(EventDispatchThread.java:124) ~[?:?]
	at java.awt.EventDispatchThread.pumpEventsForHierarchy(EventDispatchThread.java:113) ~[?:?]
	at java.awt.EventDispatchThread.pumpEvents(EventDispatchThread.java:109) ~[?:?]
	at java.awt.EventDispatchThread.pumpEvents(EventDispatchThread.java:101) ~[?:?]
	at java.awt.EventDispatchThread.run(EventDispatchThread.java:90) ~[?:?]
2024-09-25 00:19:07,179 [WARN] ThirdParty:871 - waiting for thirdparty lock release [close project]
2024-09-25 00:19:07,179 [INFO] ThirdParty:873 - entering critical section [close project]
2024-09-25 00:19:07,179 [INFO] ThirdParty:883 - exiting critical section [close project]
2024-09-25 00:19:07,181 [INFO] PinOutPanel:1561 - setPackage(No Configuration,No Configuration)
2024-09-25 00:19:07,196 [WARN] IpParametersView:151 - Warning: This peripheral hasn't parameters
2024-09-25 00:19:07,206 [WARN] MainPanel:284 - <html><b><center>Warning: This peripheral has no parameters to be configured<br></b></html>
2024-09-25 00:19:07,241 [INFO] UtilMem:75 - Begin LoadConfig() Used Memory: 693009864 Bytes (1073741824)
2024-09-25 00:19:07,243 [INFO] MicroXplorer:468 - Change Database Path : 
2024-09-25 00:19:07,243 [INFO] MicroXplorer:498 - Change Database Version : DB.6.0.120
2024-09-25 00:19:07,243 [INFO] OpenFileManager:332 - Change cursor
2024-09-25 00:19:07,327 [INFO] RulesReader:64 - Compatibility file has been processed (297 Rules)
2024-09-25 00:19:07,379 [INFO] Mcu:2032 - Initializing MCU STM32F446R(C-E)Tx STM32F446RETx STM32F446RET6
2024-09-25 00:19:09,513 [INFO] Context:742 - Trying to add GPIOservice into a context  which must be forbidden
2024-09-25 00:19:10,743 [INFO] RtosManager:555 - Registered RTOS mode: class=CMSIS, group=RTOS, mode=CMSIS_V1, owner=FREERTOS
2024-09-25 00:19:10,743 [INFO] RtosManager:555 - Registered RTOS mode: class=CMSIS, group=RTOS2, mode=CMSIS_V2, owner=FREERTOS
2024-09-25 00:19:10,743 [INFO] RtosManager:555 - Registered RTOS mode: class=RTOS, group=Core, mode=CMSIS_V1, owner=FREERTOS
2024-09-25 00:19:10,744 [INFO] RtosManager:555 - Registered RTOS mode: class=RTOS, group=Core, mode=CMSIS_V2, owner=FREERTOS
2024-09-25 00:19:10,744 [WARN] ModelIntegratedComponent:184 - Missing modes for component STMicroelectronics:FreeRTOS:0.0.1:STMicroelectronics:RTOS:FreeRTOS:Core:::10.2.0:
2024-09-25 00:19:10,757 [WARN] ModelIntegratedComponent:63 - No mode defined for component null
2024-09-25 00:19:10,758 [WARN] ModelIntegratedComponent:63 - No mode defined for component null
2024-09-25 00:19:10,758 [WARN] ModelIntegratedComponent:63 - No mode defined for component null
2024-09-25 00:19:10,758 [WARN] ModelIntegratedComponent:63 - No mode defined for component null
2024-09-25 00:19:10,758 [WARN] ModelIntegratedComponent:63 - No mode defined for component null
2024-09-25 00:19:10,758 [WARN] ModelIntegratedComponent:63 - No mode defined for component null
2024-09-25 00:19:10,758 [WARN] ModelIntegratedComponent:63 - No mode defined for component null
2024-09-25 00:19:10,758 [WARN] ModelIntegratedComponent:63 - No mode defined for component null
2024-09-25 00:19:10,758 [WARN] ModelIntegratedComponent:63 - No mode defined for component null
2024-09-25 00:19:10,759 [WARN] ModelIntegratedComponent:63 - No mode defined for component null
2024-09-25 00:19:10,759 [WARN] ModelIntegratedComponent:63 - No mode defined for component null
2024-09-25 00:19:10,759 [WARN] ModelIntegratedComponent:63 - No mode defined for component null
2024-09-25 00:19:10,759 [WARN] ModelIntegratedComponent:63 - No mode defined for component null
2024-09-25 00:19:10,759 [WARN] ModelIntegratedComponent:63 - No mode defined for component null
2024-09-25 00:19:10,759 [WARN] ModelIntegratedComponent:63 - No mode defined for component null
2024-09-25 00:19:10,759 [WARN] ModelIntegratedComponent:63 - No mode defined for component null
2024-09-25 00:19:10,759 [WARN] ModelIntegratedComponent:63 - No mode defined for component null
2024-09-25 00:19:10,759 [WARN] ModelIntegratedComponent:63 - No mode defined for component null
2024-09-25 00:19:10,759 [WARN] ModelIntegratedComponent:63 - No mode defined for component null
2024-09-25 00:19:10,759 [WARN] ModelIntegratedComponent:63 - No mode defined for component null
2024-09-25 00:19:10,759 [WARN] ModelIntegratedComponent:63 - No mode defined for component null
2024-09-25 00:19:10,759 [WARN] ModelIntegratedComponent:63 - No mode defined for component null
2024-09-25 00:19:10,759 [WARN] ModelIntegratedComponent:63 - No mode defined for component null
2024-09-25 00:19:10,759 [WARN] ModelIntegratedComponent:63 - No mode defined for component null
2024-09-25 00:19:10,760 [WARN] ModelIntegratedComponent:63 - No mode defined for component null
2024-09-25 00:19:10,760 [WARN] ModelIntegratedComponent:63 - No mode defined for component null
2024-09-25 00:19:10,760 [WARN] ModelIntegratedComponent:63 - No mode defined for component null
2024-09-25 00:19:10,760 [WARN] ModelIntegratedComponent:63 - No mode defined for component null
2024-09-25 00:19:10,760 [WARN] ModelIntegratedComponent:63 - No mode defined for component null
2024-09-25 00:19:10,760 [WARN] ModelIntegratedComponent:63 - No mode defined for component null
2024-09-25 00:19:10,760 [WARN] ModelIntegratedComponent:63 - No mode defined for component null
2024-09-25 00:19:10,760 [WARN] ModelIntegratedComponent:63 - No mode defined for component null
2024-09-25 00:19:10,760 [WARN] ModelIntegratedComponent:63 - No mode defined for component null
2024-09-25 00:19:10,760 [WARN] ModelIntegratedComponent:63 - No mode defined for component null
2024-09-25 00:19:10,760 [WARN] ModelIntegratedComponent:63 - No mode defined for component null
2024-09-25 00:19:10,760 [WARN] ModelPack:524 - Component already loaded: STMicroelectronics:HAL Drivers:0.0.0:STMicroelectronics:Device:STMicro_Driver:XSPI:HAL::0.0.1:HAL_XSPI
2024-09-25 00:19:10,794 [INFO] ThirdPartyModel:298 - Start build external matchings
2024-09-25 00:19:11,421 [INFO] ThirdPartyModel:316 - End build external matchings
2024-09-25 00:19:11,434 [INFO] ImportTextPane:205 - (OptionalMessage_ERROR) IP (RCC) : Invalid parameter (FamilyName)
2024-09-25 00:19:11,434 [INFO] ImportTextPane:205 - (OptionalMessage_ERROR) IP (RCC) : Parameter (MCO2PinFreq_Value) has invalid value (180000000)
2024-09-25 00:19:11,434 [INFO] ImportTextPane:205 - (OptionalMessage_ERROR) IP (RCC) : Parameter (SDIOFreq_Value) has invalid value (180000000)
2024-09-25 00:19:11,435 [INFO] ImportTextPane:205 - (OptionalMessage_ERROR) IP (RCC) : Parameter (USBFreq_Value) has invalid value (180000000)
2024-09-25 00:19:11,694 [INFO] UtilMem:75 - End LoadConfig() Used Memory: 712499080 Bytes (1073741824)
2024-09-25 00:19:11,779 [WARN] ThirdParty:833 - waiting for thirdparty lock release [change project]
2024-09-25 00:19:11,780 [INFO] ThirdParty:835 - entering critical section [change project]
2024-09-25 00:19:11,780 [INFO] ThirdParty:1030 - CMSIS Pack Vendor :STMicroelectronics USBPD 4.1
2024-09-25 00:19:11,780 [INFO] ThirdParty:1030 - CMSIS Pack Vendor :STMicroelectronics X-CUBE-AZRTOS-H7 3.3.0
2024-09-25 00:19:11,781 [INFO] ThirdParty:1030 - CMSIS Pack Vendor :STMicroelectronics USB_HOST 2.0.0
2024-09-25 00:19:11,781 [INFO] ThirdParty:1030 - CMSIS Pack Vendor :STMicroelectronics FP-SNS-MOTENVWB1 1.4.0
2024-09-25 00:19:11,781 [INFO] ThirdParty:1030 - CMSIS Pack Vendor :STMicroelectronics X-CUBE-AZRTOS-F4 1.1.0
2024-09-25 00:19:11,781 [INFO] ThirdParty:1030 - CMSIS Pack Vendor :STMicroelectronics LIBJPEG 8.0.0
2024-09-25 00:19:11,781 [INFO] ThirdParty:1030 - CMSIS Pack Vendor :STMicroelectronics X-CUBE-SMBUS 2.1.0
2024-09-25 00:19:11,781 [INFO] ThirdParty:1030 - CMSIS Pack Vendor :STMicroelectronics USB_DEVICE 3.0.0
2024-09-25 00:19:11,781 [INFO] ThirdParty:1030 - CMSIS Pack Vendor :STMicroelectronics X-CUBE-TCPP 4.1.0
2024-09-25 00:19:11,781 [INFO] ThirdParty:1030 - CMSIS Pack Vendor :STMicroelectronics X-CUBE-ISPU 2.1.0
2024-09-25 00:19:11,781 [INFO] ThirdParty:1030 - CMSIS Pack Vendor :STMicroelectronics X-CUBE-FREERTOS 1.2.0
2024-09-25 00:19:11,782 [INFO] ThirdParty:1030 - CMSIS Pack Vendor :STMicroelectronics X-CUBE-AZRTOS-WB 2.0.0
2024-09-25 00:19:11,782 [INFO] ThirdParty:1030 - CMSIS Pack Vendor :STMicroelectronics X-CUBE-GNSS1 7.0.0
2024-09-25 00:19:11,782 [INFO] ThirdParty:1030 - CMSIS Pack Vendor :STMicroelectronics X-CUBE-AZRTOS-F7 1.1.0
2024-09-25 00:19:11,782 [INFO] ThirdParty:1030 - CMSIS Pack Vendor :STMicroelectronics X-CUBE-AZRTOS-L5 2.0.0
2024-09-25 00:19:11,782 [INFO] ThirdParty:1030 - CMSIS Pack Vendor :STMicroelectronics USB_DEVICE 2.0.0
2024-09-25 00:19:11,783 [INFO] ThirdParty:1030 - CMSIS Pack Vendor :STMicroelectronics X-CUBE-NFC6 3.1.0
2024-09-25 00:19:11,783 [INFO] ThirdParty:1030 - CMSIS Pack Vendor :STMicroelectronics FP-SNS-STBOX1 2.0.0
2024-09-25 00:19:11,783 [INFO] ThirdParty:1030 - CMSIS Pack Vendor :STMicroelectronics X-CUBE-MEMS1 11.0.0
2024-09-25 00:19:11,783 [INFO] ThirdParty:1030 - CMSIS Pack Vendor :STMicroelectronics FreeRTOS 0.0.1
2024-09-25 00:19:11,783 [INFO] ThirdParty:1030 - CMSIS Pack Vendor :STMicroelectronics X-CUBE-AZRTOS-G0 1.1.0
2024-09-25 00:19:11,783 [INFO] ThirdParty:1030 - CMSIS Pack Vendor :STMicroelectronics X-CUBE-SAFEA1 1.2.2
2024-09-25 00:19:11,783 [INFO] ThirdParty:1030 - CMSIS Pack Vendor :STMicroelectronics X-CUBE-NFC4 3.0.0
2024-09-25 00:19:11,783 [INFO] ThirdParty:1030 - CMSIS Pack Vendor :STMicroelectronics X-CUBE-DPower 1.2.0
2024-09-25 00:19:11,783 [INFO] ThirdParty:1030 - CMSIS Pack Vendor :STMicroelectronics X-CUBE-SUBG2 5.0.0
2024-09-25 00:19:11,783 [INFO] ThirdParty:1030 - CMSIS Pack Vendor :STMicroelectronics STM32_WPAN 1.0.0
2024-09-25 00:19:11,784 [INFO] ThirdParty:1030 - CMSIS Pack Vendor :EmbeddedOffice I-CUBE-FS-RTOS 1.0.1
2024-09-25 00:19:11,784 [INFO] ThirdParty:1030 - CMSIS Pack Vendor :STMicroelectronics lwIP 2.0.3
2024-09-25 00:19:11,784 [INFO] ThirdParty:1030 - CMSIS Pack Vendor :STMicroelectronics FP-SNS-FLIGHT1 5.0.2
2024-09-25 00:19:11,784 [INFO] ThirdParty:1030 - CMSIS Pack Vendor :Cesanta I-CUBE-Mongoose 7.13.0
2024-09-25 00:19:11,784 [INFO] ThirdParty:1030 - CMSIS Pack Vendor :STMicroelectronics USB_HOST 1.0.0
2024-09-25 00:19:11,784 [INFO] ThirdParty:1030 - CMSIS Pack Vendor :STMicroelectronics X-CUBE-AI 9.0.0
2024-09-25 00:19:11,784 [INFO] ThirdParty:1030 - CMSIS Pack Vendor :STMicroelectronics X-CUBE-AZRTOS-G4 2.0.0
2024-09-25 00:19:11,784 [INFO] ThirdParty:1030 - CMSIS Pack Vendor :STMicroelectronics PDM2PCM 3.1.0
2024-09-25 00:19:11,786 [INFO] ThirdParty:1030 - CMSIS Pack Vendor :STMicroelectronics PDM2PCM 3.3.0
2024-09-25 00:19:11,786 [INFO] ThirdParty:1030 - CMSIS Pack Vendor :STMicroelectronics X-CUBE-DISPLAY 3.0.0
2024-09-25 00:19:11,786 [INFO] ThirdParty:1030 - CMSIS Pack Vendor :RealThread X-CUBE-RT-Thread_Nano 4.1.1
2024-09-25 00:19:11,786 [INFO] ThirdParty:1030 - CMSIS Pack Vendor :STMicroelectronics X-CUBE-BLE1 7.0.0
2024-09-25 00:19:11,786 [INFO] ThirdParty:1030 - CMSIS Pack Vendor :STMicroelectronics FP-ATR-SIGFOX1 3.2.0
2024-09-25 00:19:11,786 [INFO] ThirdParty:1030 - CMSIS Pack Vendor :wolfSSL I-CUBE-wolfSSL 5.7.2
2024-09-25 00:19:11,786 [INFO] ThirdParty:1030 - CMSIS Pack Vendor :STMicroelectronics X-CUBE-ISPU 2.0.0
2024-09-25 00:19:11,786 [INFO] ThirdParty:1030 - CMSIS Pack Vendor :STMicroelectronics X-CUBE-EEPRMA1 5.1.0
2024-09-25 00:19:11,786 [INFO] ThirdParty:1030 - CMSIS Pack Vendor :STMicroelectronics HAL Drivers 0.0.0
2024-09-25 00:19:11,787 [INFO] ThirdParty:1030 - CMSIS Pack Vendor :STMicroelectronics MBEDTLS 2.16.2
2024-09-25 00:19:11,787 [INFO] ThirdParty:1030 - CMSIS Pack Vendor :STMicroelectronics X-CUBE-ALS 1.0.2
2024-09-25 00:19:11,787 [INFO] ThirdParty:1030 - CMSIS Pack Vendor :emotas I-CUBE-CANOPEN 1.3.0
2024-09-25 00:19:11,787 [INFO] ThirdParty:1030 - CMSIS Pack Vendor :STMicroelectronics X-CUBE-NFC7 1.0.1
2024-09-25 00:19:11,788 [INFO] ThirdParty:1030 - CMSIS Pack Vendor :STMicroelectronics MBEDTLS 2.14.1
2024-09-25 00:19:11,788 [INFO] ThirdParty:1030 - CMSIS Pack Vendor :STMicroelectronics X-CUBE-TOUCHGFX 4.24.0
2024-09-25 00:19:11,788 [INFO] ThirdParty:1030 - CMSIS Pack Vendor :ITTIA_DB I-CUBE-ITTIADB 8.9.0
2024-09-25 00:19:11,789 [INFO] ThirdParty:1030 - CMSIS Pack Vendor :STMicroelectronics X-CUBE-TOUCHGFX 4.24.1
2024-09-25 00:19:11,789 [INFO] ThirdParty:1030 - CMSIS Pack Vendor :wolfSSL I-CUBE-wolfTPM 3.4.0
2024-09-25 00:19:11,789 [INFO] ThirdParty:1030 - CMSIS Pack Vendor :portGmbH I-Cube-SoM-uGOAL 1.1.0
2024-09-25 00:19:11,789 [INFO] ThirdParty:1030 - CMSIS Pack Vendor :STMicroelectronics X-CUBE-BLEMGR 3.1.0
2024-09-25 00:19:11,789 [INFO] ThirdParty:1030 - CMSIS Pack Vendor :STMicroelectronics ThreadX 1.0.0
2024-09-25 00:19:11,789 [INFO] ThirdParty:1030 - CMSIS Pack Vendor :STMicroelectronics FP-SNS-SMARTAG2 1.2.0
2024-09-25 00:19:11,789 [INFO] ThirdParty:1030 - CMSIS Pack Vendor :STMicroelectronics X-CUBE-AZRTOS-WL 2.0.0
2024-09-25 00:19:11,789 [INFO] ThirdParty:1030 - CMSIS Pack Vendor :SEGGER I-CUBE-embOS 1.3.1
2024-09-25 00:19:11,789 [INFO] ThirdParty:1030 - CMSIS Pack Vendor :STMicroelectronics X-CUBE-ALGOBUILD 1.4.0
2024-09-25 00:19:11,789 [INFO] ThirdParty:1030 - CMSIS Pack Vendor :STMicroelectronics FP-SNS-MOTENV1 5.0.0
2024-09-25 00:19:11,789 [INFO] ThirdParty:1030 - CMSIS Pack Vendor :STMicroelectronics USB_DEVICE 1.0.0
2024-09-25 00:19:11,789 [INFO] ThirdParty:1030 - CMSIS Pack Vendor :STMicroelectronics X-CUBE-AZRTOS-H7RS 1.0.0
2024-09-25 00:19:11,789 [INFO] ThirdParty:1030 - CMSIS Pack Vendor :wolfSSL I-CUBE-wolfMQTT 1.19.0
2024-09-25 00:19:11,789 [INFO] ThirdParty:1030 - CMSIS Pack Vendor :STMicroelectronics X-CUBE-AZRTOS-L4 2.0.0
2024-09-25 00:19:11,790 [INFO] ThirdParty:1030 - CMSIS Pack Vendor :STMicroelectronics ThreadX 0.0.2
2024-09-25 00:19:11,790 [INFO] ThirdParty:1030 - CMSIS Pack Vendor :WES I-CUBE-Cesium 1.3.0
2024-09-25 00:19:11,790 [INFO] ThirdParty:1030 - CMSIS Pack Vendor :STMicroelectronics FP-ATR-ASTRA1 2.0.0
2024-09-25 00:19:11,790 [INFO] ThirdParty:1030 - CMSIS Pack Vendor :STMicroelectronics lwIP 2.1.2
2024-09-25 00:19:11,790 [INFO] ThirdParty:1030 - CMSIS Pack Vendor :STMicroelectronics X-CUBE-SFXS2LP1 4.0.0
2024-09-25 00:19:11,790 [INFO] ThirdParty:1030 - CMSIS Pack Vendor :STMicroelectronics X-CUBE-BLE2 3.3.0
2024-09-25 00:19:11,790 [INFO] ThirdParty:1030 - CMSIS Pack Vendor :STMicroelectronics X-CUBE-TOF1 3.4.2
2024-09-25 00:19:11,790 [INFO] ThirdParty:1030 - CMSIS Pack Vendor :Infineon AIROC-Wi-Fi-Bluetooth-STM32 1.6.1
2024-09-25 00:19:11,790 [INFO] ThirdParty:1030 - CMSIS Pack Vendor :STMicroelectronics PDM2PCM 3.2.0
2024-09-25 00:19:11,790 [INFO] ThirdParty:1030 - CMSIS Pack Vendor :wolfSSL I-CUBE-wolfSSH 1.4.17
2024-09-25 00:19:11,790 [INFO] ThirdParty:841 - exiting critical section [change project]
2024-09-25 00:19:12,138 [INFO] PinOutPanel:1561 - setPackage(No Configuration,No Configuration)
2024-09-25 00:19:12,138 [INFO] PinOutPanel:1561 - setPackage(STM32F446RETx,LQFP64)
2024-09-25 00:19:12,708 [INFO] UtilMem:75 - Before build in PCC Used Memory: 717220104 Bytes (1073741824)
2024-09-25 00:19:13,153 [INFO] UtilMem:75 - After build in PCC Used Memory: 719939128 Bytes (1073741824)
2024-09-25 00:19:13,191 [INFO] IPUIPlugin:80 - create IPUIPlugin
2024-09-25 00:19:13,191 [INFO] IPUIPlugin:80 - create IPUIPlugin
2024-09-25 00:19:13,192 [INFO] IPUIPlugin:80 - create IPUIPlugin
2024-09-25 00:19:13,192 [INFO] IPUIPlugin:80 - create IPUIPlugin
2024-09-25 00:19:13,192 [INFO] IPUIPlugin:80 - create IPUIPlugin
2024-09-25 00:19:13,192 [INFO] IPUIPlugin:80 - create IPUIPlugin
2024-09-25 00:19:13,192 [INFO] IPUIPlugin:80 - create IPUIPlugin
2024-09-25 00:19:13,192 [INFO] IPUIPlugin:80 - create IPUIPlugin
2024-09-25 00:19:13,193 [INFO] IPUIPlugin:80 - create IPUIPlugin
2024-09-25 00:19:13,193 [INFO] IPUIPlugin:80 - create IPUIPlugin
2024-09-25 00:19:13,193 [INFO] IPUIPlugin:80 - create IPUIPlugin
2024-09-25 00:19:13,193 [INFO] IPUIPlugin:80 - create IPUIPlugin
2024-09-25 00:19:13,193 [INFO] IPUIPlugin:80 - create IPUIPlugin
2024-09-25 00:19:13,193 [INFO] IPUIPlugin:80 - create IPUIPlugin
2024-09-25 00:19:13,193 [INFO] IPUIPlugin:80 - create IPUIPlugin
2024-09-25 00:19:13,195 [INFO] IPUIPlugin:80 - create IPUIPlugin
2024-09-25 00:19:13,195 [INFO] IPUIPlugin:80 - create IPUIPlugin
2024-09-25 00:19:13,195 [INFO] IPUIPlugin:80 - create IPUIPlugin
2024-09-25 00:19:13,196 [INFO] IPUIPlugin:80 - create IPUIPlugin
2024-09-25 00:19:13,196 [INFO] IPUIPlugin:80 - create IPUIPlugin
2024-09-25 00:19:13,197 [INFO] IPUIPlugin:80 - create IPUIPlugin
2024-09-25 00:19:13,198 [INFO] IPUIPlugin:80 - create IPUIPlugin
2024-09-25 00:19:13,198 [INFO] IPUIPlugin:80 - create IPUIPlugin
2024-09-25 00:19:13,199 [INFO] IPUIPlugin:80 - create IPUIPlugin
2024-09-25 00:19:13,200 [INFO] IPUIPlugin:80 - create IPUIPlugin
2024-09-25 00:19:13,200 [INFO] IPUIPlugin:80 - create IPUIPlugin
2024-09-25 00:19:13,200 [INFO] IPUIPlugin:80 - create IPUIPlugin
2024-09-25 00:19:13,201 [INFO] IPUIPlugin:80 - create IPUIPlugin
2024-09-25 00:19:13,201 [INFO] IPUIPlugin:80 - create IPUIPlugin
2024-09-25 00:19:13,202 [INFO] IPUIPlugin:80 - create IPUIPlugin
2024-09-25 00:19:13,202 [INFO] IPUIPlugin:80 - create IPUIPlugin
2024-09-25 00:19:13,203 [INFO] IPUIPlugin:80 - create IPUIPlugin
2024-09-25 00:19:13,203 [INFO] IPUIPlugin:80 - create IPUIPlugin
2024-09-25 00:19:13,204 [INFO] IPUIPlugin:80 - create IPUIPlugin
2024-09-25 00:19:13,204 [INFO] IPUIPlugin:80 - create IPUIPlugin
2024-09-25 00:19:13,205 [INFO] IPUIPlugin:80 - create IPUIPlugin
2024-09-25 00:19:13,205 [INFO] IPUIPlugin:80 - create IPUIPlugin
2024-09-25 00:19:13,205 [INFO] IPUIPlugin:80 - create IPUIPlugin
2024-09-25 00:19:13,205 [INFO] IPUIPlugin:80 - create IPUIPlugin
2024-09-25 00:19:13,206 [INFO] IPUIPlugin:80 - create IPUIPlugin
2024-09-25 00:19:13,206 [INFO] IPUIPlugin:80 - create IPUIPlugin
2024-09-25 00:19:13,207 [INFO] IPUIPlugin:80 - create IPUIPlugin
2024-09-25 00:19:13,207 [INFO] IPUIPlugin:80 - create IPUIPlugin
2024-09-25 00:19:13,208 [INFO] IPUIPlugin:80 - create IPUIPlugin
2024-09-25 00:19:13,208 [INFO] IPUIPlugin:80 - create IPUIPlugin
2024-09-25 00:19:13,209 [INFO] IPUIPlugin:80 - create IPUIPlugin
2024-09-25 00:19:13,209 [INFO] IPUIPlugin:80 - create IPUIPlugin
2024-09-25 00:19:13,210 [INFO] IPUIPlugin:80 - create IPUIPlugin
2024-09-25 00:19:13,210 [INFO] IPUIPlugin:80 - create IPUIPlugin
2024-09-25 00:19:13,211 [INFO] IPUIPlugin:80 - create IPUIPlugin
2024-09-25 00:19:13,212 [INFO] IPUIPlugin:80 - create IPUIPlugin
2024-09-25 00:19:13,213 [INFO] IPUIPlugin:80 - create IPUIPlugin
2024-09-25 00:19:13,214 [INFO] IPUIPlugin:80 - create IPUIPlugin
2024-09-25 00:19:13,215 [INFO] IPUIPlugin:80 - create IPUIPlugin
2024-09-25 00:19:13,217 [INFO] IPUIPlugin:80 - create IPUIPlugin
2024-09-25 00:19:13,217 [INFO] IPUIPlugin:80 - create IPUIPlugin
2024-09-25 00:19:13,218 [INFO] IPUIPlugin:80 - create IPUIPlugin
2024-09-25 00:19:13,218 [INFO] IPUIPlugin:80 - create IPUIPlugin
2024-09-25 00:19:13,219 [INFO] IPUIPlugin:80 - create IPUIPlugin
2024-09-25 00:19:13,220 [INFO] IPUIPlugin:80 - create IPUIPlugin
2024-09-25 00:19:13,257 [INFO] ApiDbMcu:508 - Load IP Config File for PDM2PCM
2024-09-25 00:19:13,258 [WARN] IP:2191 - I2C_Coeff_DF not found: check if there is a RefParameter without a condition.
2024-09-25 00:19:13,258 [WARN] IP:2191 - Analog_Filter not found: check if there is a RefParameter without a condition.
2024-09-25 00:19:13,360 [INFO] CADModel:165 - CPN selected for project levelSTM32F446RET6
2024-09-25 00:19:13,360 [INFO] CADModel:114 - Register for checkConnection events
2024-09-25 00:19:13,433 [INFO] OpenFileManager:363 - Restore cursor
2024-09-25 00:19:13,453 [INFO] ApiDb:581 - Connected to CubeFinder SQLite database (C:\Users\chlqj\.stmcufinder\plugins\mcufinder\mcu\cube-finder-db.db)
2024-09-25 00:19:14,047 [WARN] IP:2191 - I2C_Coeff_DF not found: check if there is a RefParameter without a condition.
2024-09-25 00:19:14,047 [WARN] IP:2191 - Analog_Filter not found: check if there is a RefParameter without a condition.
2024-09-25 00:19:14,049 [WARN] IP:2191 - I2C_Coeff_DF not found: check if there is a RefParameter without a condition.
2024-09-25 00:19:14,049 [WARN] IP:2191 - Analog_Filter not found: check if there is a RefParameter without a condition.
2024-09-25 00:20:08,540 [INFO] NvicIntPanel:101 - NVIC parent = com.st.microxplorer.plugins.ip.nvic.MultiNvicIntPanel[,0,0,450x177,layout=javax.swing.BoxLayout,alignmentX=0.0,alignmentY=0.0,border=,flags=9,maximumSize=,minimumSize=,preferredSize=]
2024-09-25 00:23:57,178 [INFO] WebApp:189 - Connection lost
2024-09-25 00:23:58,614 [INFO] WebApp:186 - Connection restablished
2024-09-25 00:23:59,321 [INFO] WebApp:189 - Connection lost
2024-09-25 00:23:59,557 [INFO] WebApp:186 - Connection restablished
2024-09-25 00:24:02,584 [INFO] WebApp:189 - Connection lost
2024-09-25 00:24:02,796 [INFO] WebApp:186 - Connection restablished
2024-09-25 00:25:06,186 [INFO] WebApp:189 - Connection lost
2024-09-25 00:25:06,471 [INFO] WebApp:186 - Connection restablished
2024-09-25 00:25:09,617 [INFO] WebApp:189 - Connection lost
2024-09-25 00:25:09,938 [INFO] WebApp:186 - Connection restablished
2024-09-25 18:54:09,153 [INFO] WebApp:189 - Connection lost
2024-09-25 18:54:09,532 [INFO] WebApp:186 - Connection restablished
2024-09-25 18:54:12,519 [INFO] WebApp:189 - Connection lost
2024-09-25 18:54:12,751 [INFO] WebApp:186 - Connection restablished
2024-09-25 20:36:16,388 [INFO] NvicIntPanel:101 - NVIC parent = com.st.microxplorer.plugins.ip.nvic.MultiNvicIntPanel[,0,0,0x0,invalid,layout=javax.swing.BoxLayout,alignmentX=0.0,alignmentY=0.0,border=,flags=9,maximumSize=,minimumSize=,preferredSize=]
2024-09-25 20:36:16,529 [INFO] NvicIntPanel:101 - NVIC parent = com.st.microxplorer.plugins.ip.nvic.MultiNvicIntPanel[,0,0,0x0,invalid,layout=javax.swing.BoxLayout,alignmentX=0.0,alignmentY=0.0,border=,flags=9,maximumSize=,minimumSize=,preferredSize=]
2024-09-25 20:36:16,662 [INFO] NvicIntPanel:101 - NVIC parent = com.st.microxplorer.plugins.ip.nvic.MultiNvicIntPanel[,0,0,0x0,invalid,layout=javax.swing.BoxLayout,alignmentX=0.0,alignmentY=0.0,border=,flags=9,maximumSize=,minimumSize=,preferredSize=]
2024-09-25 20:36:43,773 [INFO] UtilMem:75 - End SaveConfig() Used Memory: 884951800 Bytes (1073741824)
2024-09-25 20:36:45,203 [INFO] UtilMem:75 - End SaveConfig() Used Memory: 915886840 Bytes (1073741824)
2024-09-25 20:36:45,488 [INFO] UtilMem:75 - End SaveConfig() Used Memory: 699578952 Bytes (1073741824)
2024-09-25 20:36:45,693 [INFO] BlockDiagram:2766 - set Specific Code input for plugin: TIM1_8
2024-09-25 20:36:45,693 [INFO] BlockDiagram:2766 - set Specific Code input for plugin: TIM1_8
2024-09-25 20:36:45,693 [INFO] BlockDiagram:2766 - set Specific Code input for plugin: SYS
2024-09-25 20:36:45,693 [INFO] BlockDiagram:2766 - set Specific Code input for plugin: ADC
2024-09-25 20:36:45,693 [INFO] BlockDiagram:2766 - set Specific Code input for plugin: RCC
2024-09-25 20:36:45,694 [INFO] BlockDiagram:2766 - set Specific Code input for plugin: I2C
2024-09-25 20:36:45,694 [INFO] BlockDiagram:2766 - set Specific Code input for plugin: NVIC
2024-09-25 20:36:45,694 [INFO] BlockDiagram:2766 - set Specific Code input for plugin: GPIO
2024-09-25 20:36:45,697 [INFO] CodeGenerator:807 - code generatio: config db path: C:\ST\STM32CubeIDE_1.16.0\STM32CubeIDE\plugins\com.st.stm32cube.common.mx_6.12.0.202406281431\\db\
2024-09-25 20:36:45,708 [WARN] IP:2191 - I2C_Coeff_DF not found: check if there is a RefParameter without a condition.
2024-09-25 20:36:45,709 [WARN] IP:2191 - Analog_Filter not found: check if there is a RefParameter without a condition.
2024-09-25 20:36:45,943 [INFO] CodeEngine:255 - oldGeneratedFile, C:\Users\chlqj\STM32CubeIDE\workspace_1.16.0\balancing_project\MXTmpFiles\license.tmp_save
2024-09-25 20:36:46,148 [INFO] CodeEngine:279 - Generated code: C:\Users\chlqj\STM32CubeIDE\workspace_1.16.0\balancing_project\MXTmpFiles\license.tmp
2024-09-25 20:36:46,283 [INFO] CodeEngine:255 - oldGeneratedFile, C:\Users\chlqj\STM32CubeIDE\workspace_1.16.0\balancing_project\Core\Src\gpio.c_save
2024-09-25 20:36:46,423 [INFO] CodeEngine:279 - Generated code: C:\Users\chlqj\STM32CubeIDE\workspace_1.16.0\balancing_project\Core\Src\gpio.c
2024-09-25 20:36:46,464 [INFO] CodeEngine:255 - oldGeneratedFile, C:\Users\chlqj\STM32CubeIDE\workspace_1.16.0\balancing_project\Core\Inc\gpio.h_save
2024-09-25 20:36:46,568 [INFO] CodeEngine:279 - Generated code: C:\Users\chlqj\STM32CubeIDE\workspace_1.16.0\balancing_project\Core\Inc\gpio.h
2024-09-25 20:36:46,797 [INFO] CodeEngine:255 - oldGeneratedFile, C:\Users\chlqj\STM32CubeIDE\workspace_1.16.0\balancing_project\Core\Src\adc.c_save
2024-09-25 20:36:46,989 [INFO] CodeEngine:279 - Generated code: C:\Users\chlqj\STM32CubeIDE\workspace_1.16.0\balancing_project\Core\Src\adc.c
2024-09-25 20:36:47,008 [INFO] CodeEngine:255 - oldGeneratedFile, C:\Users\chlqj\STM32CubeIDE\workspace_1.16.0\balancing_project\Core\Inc\adc.h_save
2024-09-25 20:36:47,137 [INFO] CodeEngine:279 - Generated code: C:\Users\chlqj\STM32CubeIDE\workspace_1.16.0\balancing_project\Core\Inc\adc.h
2024-09-25 20:36:47,165 [INFO] CodeEngine:255 - oldGeneratedFile, C:\Users\chlqj\STM32CubeIDE\workspace_1.16.0\balancing_project\Core\Src\i2c.c_save
2024-09-25 20:36:47,293 [INFO] CodeEngine:279 - Generated code: C:\Users\chlqj\STM32CubeIDE\workspace_1.16.0\balancing_project\Core\Src\i2c.c
2024-09-25 20:36:47,303 [INFO] CodeEngine:255 - oldGeneratedFile, C:\Users\chlqj\STM32CubeIDE\workspace_1.16.0\balancing_project\Core\Inc\i2c.h_save
2024-09-25 20:36:47,393 [INFO] CodeEngine:279 - Generated code: C:\Users\chlqj\STM32CubeIDE\workspace_1.16.0\balancing_project\Core\Inc\i2c.h
2024-09-25 20:36:47,430 [INFO] CodeEngine:255 - oldGeneratedFile, C:\Users\chlqj\STM32CubeIDE\workspace_1.16.0\balancing_project\Core\Src\tim.c_save
2024-09-25 20:36:47,558 [INFO] CodeEngine:279 - Generated code: C:\Users\chlqj\STM32CubeIDE\workspace_1.16.0\balancing_project\Core\Src\tim.c
2024-09-25 20:36:47,566 [INFO] CodeEngine:255 - oldGeneratedFile, C:\Users\chlqj\STM32CubeIDE\workspace_1.16.0\balancing_project\Core\Inc\tim.h_save
2024-09-25 20:36:47,664 [INFO] CodeEngine:279 - Generated code: C:\Users\chlqj\STM32CubeIDE\workspace_1.16.0\balancing_project\Core\Inc\tim.h
2024-09-25 20:36:47,700 [INFO] CodeEngine:255 - oldGeneratedFile, C:\Users\chlqj\STM32CubeIDE\workspace_1.16.0\balancing_project\Core\Src\stm32f4xx_it.c_save
2024-09-25 20:36:47,885 [INFO] CodeEngine:279 - Generated code: C:\Users\chlqj\STM32CubeIDE\workspace_1.16.0\balancing_project\Core\Src\stm32f4xx_it.c
2024-09-25 20:36:47,911 [INFO] CodeEngine:255 - oldGeneratedFile, C:\Users\chlqj\STM32CubeIDE\workspace_1.16.0\balancing_project\Core\Inc\stm32f4xx_it.h_save
2024-09-25 20:36:48,009 [INFO] CodeEngine:279 - Generated code: C:\Users\chlqj\STM32CubeIDE\workspace_1.16.0\balancing_project\Core\Inc\stm32f4xx_it.h
2024-09-25 20:36:48,046 [INFO] CodeEngine:255 - oldGeneratedFile, C:\Users\chlqj\STM32CubeIDE\workspace_1.16.0\balancing_project\Core\Src\stm32f4xx_hal_msp.c_save
2024-09-25 20:36:48,168 [INFO] CodeEngine:279 - Generated code: C:\Users\chlqj\STM32CubeIDE\workspace_1.16.0\balancing_project\Core\Src\stm32f4xx_hal_msp.c
2024-09-25 20:36:48,179 [INFO] CodeEngine:255 - oldGeneratedFile, C:\Users\chlqj\STM32CubeIDE\workspace_1.16.0\balancing_project\MXTmpFiles\system.tmp_save
2024-09-25 20:36:48,266 [INFO] CodeEngine:279 - Generated code: C:\Users\chlqj\STM32CubeIDE\workspace_1.16.0\balancing_project\MXTmpFiles\system.tmp
2024-09-25 20:36:48,302 [INFO] CodeEngine:311 - oldGeneratedFile, C:\Users\chlqj\STM32CubeIDE\workspace_1.16.0\balancing_project\Core\Inc\stm32f4xx_hal_conf.h_save
2024-09-25 20:36:48,420 [INFO] CodeEngine:335 - Generated code: C:\Users\chlqj\STM32CubeIDE\workspace_1.16.0\balancing_project\Core\Inc\stm32f4xx_hal_conf.h
2024-09-25 20:36:48,464 [WARN] IPConfigManager:3005 - Warning: the RefConfig PLL2P_FOR_MCO is not available in your config.xml file
2024-09-25 20:36:48,506 [INFO] CodeEngine:255 - oldGeneratedFile, C:\Users\chlqj\STM32CubeIDE\workspace_1.16.0\balancing_project\Core\Inc\main.h_save
2024-09-25 20:36:48,611 [INFO] CodeEngine:279 - Generated code: C:\Users\chlqj\STM32CubeIDE\workspace_1.16.0\balancing_project\Core\Inc\main.h
2024-09-25 20:36:48,639 [INFO] CodeEngine:255 - oldGeneratedFile, C:\Users\chlqj\STM32CubeIDE\workspace_1.16.0\balancing_project\Core\Src\main.c_save
2024-09-25 20:36:48,781 [INFO] CodeEngine:279 - Generated code: C:\Users\chlqj\STM32CubeIDE\workspace_1.16.0\balancing_project\Core\Src\main.c
2024-09-25 20:36:49,417 [INFO] ProjectBuilder:3249 - Time for Copy HAL[1] : 415mS.
2024-09-25 20:36:49,423 [INFO] ProjectBuilder:4828 - Project Generator version: 4.4.0-B60
2024-09-25 20:36:49,559 [INFO] ConfigFileManager:1531 - The Die is : DIE421
2024-09-25 20:36:49,572 [INFO] ApiDbMcu:508 - Load IP Config File for FATFS
2024-09-25 20:36:49,590 [INFO] ApiDbMcu:508 - Load IP Config File for FREERTOS
2024-09-25 20:36:49,612 [INFO] ApiDbMcu:508 - Load IP Config File for LIBJPEG
2024-09-25 20:36:49,635 [INFO] ApiDbMcu:508 - Load IP Config File for MBEDTLS
2024-09-25 20:36:49,656 [INFO] ApiDbMcu:508 - Load IP Config File for USB_DEVICE
2024-09-25 20:36:49,671 [INFO] ApiDbMcu:508 - Load IP Config File for USB_HOST
2024-09-25 20:36:51,499 [INFO] ProjectBuilder:5097 - Time for Generating toolchain IDE Files: 2076mS.
2024-09-25 20:36:51,500 [INFO] ProjectBuilder:3107 - Time for Copy CMSIS : 0mS.
2024-09-25 20:36:51,531 [INFO] ProjectBuilder:3107 - Time for Copy CMSIS : 0mS.
2024-09-25 20:37:12,887 [INFO] ParamManager:896 - [Generic UI] PropertyChangeEvent: TAB_STATUS_CHANGED , "dont care", "never mind"
2024-09-25 20:37:13,104 [INFO] ParamManager:896 - [Generic UI] PropertyChangeEvent: TAB_STATUS_CHANGED , "dont care", "never mind"
2024-09-25 20:37:15,957 [INFO] NvicIntPanel:101 - NVIC parent = com.st.microxplorer.plugins.ip.nvic.MultiNvicIntPanel[,0,0,0x0,invalid,layout=javax.swing.BoxLayout,alignmentX=0.0,alignmentY=0.0,border=,flags=9,maximumSize=,minimumSize=,preferredSize=]
2024-09-25 20:37:16,041 [INFO] ParamManager:896 - [Generic UI] PropertyChangeEvent: TAB_STATUS_CHANGED , "dont care", "never mind"
2024-09-25 20:37:16,258 [INFO] ParamManager:896 - [Generic UI] PropertyChangeEvent: TAB_STATUS_CHANGED , "dont care", "never mind"
2024-09-25 20:37:18,793 [INFO] NvicIntPanel:101 - NVIC parent = com.st.microxplorer.plugins.ip.nvic.MultiNvicIntPanel[,0,0,0x0,invalid,layout=javax.swing.BoxLayout,alignmentX=0.0,alignmentY=0.0,border=,flags=9,maximumSize=,minimumSize=,preferredSize=]
2024-09-25 20:37:18,845 [INFO] ParamManager:896 - [Generic UI] PropertyChangeEvent: TAB_STATUS_CHANGED , "dont care", "never mind"
2024-09-25 20:37:18,991 [INFO] ParamManager:896 - [Generic UI] PropertyChangeEvent: TAB_STATUS_CHANGED , "dont care", "never mind"
2024-09-25 20:37:22,983 [INFO] UtilMem:75 - End SaveConfig() Used Memory: 687466640 Bytes (1073741824)
2024-09-25 20:37:24,401 [INFO] UtilMem:75 - End SaveConfig() Used Memory: 748810384 Bytes (1073741824)
2024-09-25 20:37:24,694 [INFO] UtilMem:75 - End SaveConfig() Used Memory: 781107008 Bytes (1073741824)
2024-09-25 20:37:24,871 [INFO] BlockDiagram:2766 - set Specific Code input for plugin: TIM1_8
2024-09-25 20:37:24,871 [INFO] BlockDiagram:2766 - set Specific Code input for plugin: TIM1_8
2024-09-25 20:37:24,871 [INFO] BlockDiagram:2766 - set Specific Code input for plugin: SYS
2024-09-25 20:37:24,871 [INFO] BlockDiagram:2766 - set Specific Code input for plugin: RCC
2024-09-25 20:37:24,871 [INFO] BlockDiagram:2766 - set Specific Code input for plugin: I2C
2024-09-25 20:37:24,871 [INFO] BlockDiagram:2766 - set Specific Code input for plugin: NVIC
2024-09-25 20:37:24,871 [INFO] BlockDiagram:2766 - set Specific Code input for plugin: GPIO
2024-09-25 20:37:24,872 [INFO] CodeGenerator:807 - code generatio: config db path: C:\ST\STM32CubeIDE_1.16.0\STM32CubeIDE\plugins\com.st.stm32cube.common.mx_6.12.0.202406281431\\db\
2024-09-25 20:37:24,873 [WARN] IP:2191 - I2C_Coeff_DF not found: check if there is a RefParameter without a condition.
2024-09-25 20:37:24,873 [WARN] IP:2191 - Analog_Filter not found: check if there is a RefParameter without a condition.
2024-09-25 20:37:25,009 [INFO] CodeEngine:255 - oldGeneratedFile, C:\Users\chlqj\STM32CubeIDE\workspace_1.16.0\balancing_project\MXTmpFiles\license.tmp_save
2024-09-25 20:37:25,114 [INFO] CodeEngine:279 - Generated code: C:\Users\chlqj\STM32CubeIDE\workspace_1.16.0\balancing_project\MXTmpFiles\license.tmp
2024-09-25 20:37:25,145 [INFO] CodeEngine:255 - oldGeneratedFile, C:\Users\chlqj\STM32CubeIDE\workspace_1.16.0\balancing_project\Core\Src\gpio.c_save
2024-09-25 20:37:25,243 [INFO] CodeEngine:279 - Generated code: C:\Users\chlqj\STM32CubeIDE\workspace_1.16.0\balancing_project\Core\Src\gpio.c
2024-09-25 20:37:25,261 [INFO] CodeEngine:255 - oldGeneratedFile, C:\Users\chlqj\STM32CubeIDE\workspace_1.16.0\balancing_project\Core\Inc\gpio.h_save
2024-09-25 20:37:25,330 [INFO] CodeEngine:279 - Generated code: C:\Users\chlqj\STM32CubeIDE\workspace_1.16.0\balancing_project\Core\Inc\gpio.h
2024-09-25 20:37:25,429 [INFO] CodeEngine:255 - oldGeneratedFile, C:\Users\chlqj\STM32CubeIDE\workspace_1.16.0\balancing_project\Core\Src\i2c.c_save
2024-09-25 20:37:25,545 [INFO] CodeEngine:279 - Generated code: C:\Users\chlqj\STM32CubeIDE\workspace_1.16.0\balancing_project\Core\Src\i2c.c
2024-09-25 20:37:25,552 [INFO] CodeEngine:255 - oldGeneratedFile, C:\Users\chlqj\STM32CubeIDE\workspace_1.16.0\balancing_project\Core\Inc\i2c.h_save
2024-09-25 20:37:25,623 [INFO] CodeEngine:279 - Generated code: C:\Users\chlqj\STM32CubeIDE\workspace_1.16.0\balancing_project\Core\Inc\i2c.h
2024-09-25 20:37:25,647 [INFO] CodeEngine:255 - oldGeneratedFile, C:\Users\chlqj\STM32CubeIDE\workspace_1.16.0\balancing_project\Core\Src\tim.c_save
2024-09-25 20:37:25,763 [INFO] CodeEngine:279 - Generated code: C:\Users\chlqj\STM32CubeIDE\workspace_1.16.0\balancing_project\Core\Src\tim.c
2024-09-25 20:37:25,770 [INFO] CodeEngine:255 - oldGeneratedFile, C:\Users\chlqj\STM32CubeIDE\workspace_1.16.0\balancing_project\Core\Inc\tim.h_save
2024-09-25 20:37:25,851 [INFO] CodeEngine:279 - Generated code: C:\Users\chlqj\STM32CubeIDE\workspace_1.16.0\balancing_project\Core\Inc\tim.h
2024-09-25 20:37:25,877 [INFO] CodeEngine:255 - oldGeneratedFile, C:\Users\chlqj\STM32CubeIDE\workspace_1.16.0\balancing_project\Core\Src\stm32f4xx_it.c_save
2024-09-25 20:37:25,967 [INFO] CodeEngine:279 - Generated code: C:\Users\chlqj\STM32CubeIDE\workspace_1.16.0\balancing_project\Core\Src\stm32f4xx_it.c
2024-09-25 20:37:25,973 [INFO] CodeEngine:255 - oldGeneratedFile, C:\Users\chlqj\STM32CubeIDE\workspace_1.16.0\balancing_project\Core\Inc\stm32f4xx_it.h_save
2024-09-25 20:37:26,037 [INFO] CodeEngine:279 - Generated code: C:\Users\chlqj\STM32CubeIDE\workspace_1.16.0\balancing_project\Core\Inc\stm32f4xx_it.h
2024-09-25 20:37:26,067 [INFO] CodeEngine:255 - oldGeneratedFile, C:\Users\chlqj\STM32CubeIDE\workspace_1.16.0\balancing_project\Core\Src\stm32f4xx_hal_msp.c_save
2024-09-25 20:37:26,164 [INFO] CodeEngine:279 - Generated code: C:\Users\chlqj\STM32CubeIDE\workspace_1.16.0\balancing_project\Core\Src\stm32f4xx_hal_msp.c
2024-09-25 20:37:26,169 [INFO] CodeEngine:255 - oldGeneratedFile, C:\Users\chlqj\STM32CubeIDE\workspace_1.16.0\balancing_project\MXTmpFiles\system.tmp_save
2024-09-25 20:37:26,234 [INFO] CodeEngine:279 - Generated code: C:\Users\chlqj\STM32CubeIDE\workspace_1.16.0\balancing_project\MXTmpFiles\system.tmp
2024-09-25 20:37:26,264 [INFO] CodeEngine:311 - oldGeneratedFile, C:\Users\chlqj\STM32CubeIDE\workspace_1.16.0\balancing_project\Core\Inc\stm32f4xx_hal_conf.h_save
2024-09-25 20:37:26,371 [INFO] CodeEngine:335 - Generated code: C:\Users\chlqj\STM32CubeIDE\workspace_1.16.0\balancing_project\Core\Inc\stm32f4xx_hal_conf.h
2024-09-25 20:37:26,410 [WARN] IPConfigManager:3005 - Warning: the RefConfig PLL2P_FOR_MCO is not available in your config.xml file
2024-09-25 20:37:26,438 [INFO] CodeEngine:255 - oldGeneratedFile, C:\Users\chlqj\STM32CubeIDE\workspace_1.16.0\balancing_project\Core\Inc\main.h_save
2024-09-25 20:37:26,547 [INFO] CodeEngine:279 - Generated code: C:\Users\chlqj\STM32CubeIDE\workspace_1.16.0\balancing_project\Core\Inc\main.h
2024-09-25 20:37:26,565 [INFO] CodeEngine:255 - oldGeneratedFile, C:\Users\chlqj\STM32CubeIDE\workspace_1.16.0\balancing_project\Core\Src\main.c_save
2024-09-25 20:37:26,702 [INFO] CodeEngine:279 - Generated code: C:\Users\chlqj\STM32CubeIDE\workspace_1.16.0\balancing_project\Core\Src\main.c
2024-09-25 20:37:27,253 [INFO] ProjectBuilder:3249 - Time for Copy HAL[1] : 346mS.
2024-09-25 20:37:27,262 [INFO] ProjectBuilder:4828 - Project Generator version: 4.4.0-B60
2024-09-25 20:37:27,343 [INFO] ConfigFileManager:1531 - The Die is : DIE421
2024-09-25 20:37:29,054 [INFO] ProjectBuilder:5097 - Time for Generating toolchain IDE Files: 1791mS.
2024-09-25 20:37:29,055 [INFO] ProjectBuilder:3107 - Time for Copy CMSIS : 1mS.
2024-09-25 20:37:29,082 [INFO] ProjectBuilder:3107 - Time for Copy CMSIS : 0mS.
2024-09-25 21:02:10,821 [INFO] MainUpdater:2873 - connection check result : 10
2024-09-25 21:02:10,821 [INFO] MainUpdater:2873 - connection check result : 10
2024-09-25 21:02:10,954 [INFO] MicroXplorer:468 - Change Database Path : 
2024-09-25 21:02:10,954 [INFO] MicroXplorer:498 - Change Database Version : DB.6.0.120
2024-09-25 21:02:10,982 [ERROR] ProjectManagerView:394 - 
java.lang.NullPointerException: Cannot invoke "javax.swing.JTextField.getText()" because the return value of "java.util.List.get(int)" is null
	at com.st.microxplorer.plugins.projectmanager.gui.ProjectChoiceTab$10.caretUpdate(ProjectChoiceTab.java:2622) ~[filemanager.jar:?]
	at javax.swing.text.JTextComponent.fireCaretUpdate(JTextComponent.java:412) ~[?:?]
	at javax.swing.text.JTextComponent$MutableCaretEvent.fire(JTextComponent.java:4491) ~[?:?]
	at javax.swing.text.JTextComponent$MutableCaretEvent.stateChanged(JTextComponent.java:4513) ~[?:?]
	at javax.swing.text.DefaultCaret.fireStateChanged(DefaultCaret.java:842) ~[?:?]
	at javax.swing.text.DefaultCaret.changeCaretPosition(DefaultCaret.java:1313) ~[?:?]
	at javax.swing.text.DefaultCaret.handleSetDot(DefaultCaret.java:1212) ~[?:?]
	at javax.swing.text.DefaultCaret.setDot(DefaultCaret.java:1193) ~[?:?]
	at javax.swing.text.DefaultCaret$Handler.insertUpdate(DefaultCaret.java:1789) ~[?:?]
	at javax.swing.text.AbstractDocument.fireInsertUpdate(AbstractDocument.java:226) ~[?:?]
	at javax.swing.text.AbstractDocument.handleInsertString(AbstractDocument.java:780) ~[?:?]
	at javax.swing.text.AbstractDocument.insertString(AbstractDocument.java:739) ~[?:?]
	at javax.swing.text.PlainDocument.insertString(PlainDocument.java:131) ~[?:?]
	at javax.swing.text.AbstractDocument.replace(AbstractDocument.java:698) ~[?:?]
	at javax.swing.text.JTextComponent.setText(JTextComponent.java:1729) ~[?:?]
	at com.st.microxplorer.plugins.projectmanager.gui.ProjectChoiceTab.createHeapStackFields(ProjectChoiceTab.java:972) ~[filemanager.jar:?]
	at com.st.microxplorer.plugins.projectmanager.gui.ProjectChoiceTab.buildLinkSettingsPanel(ProjectChoiceTab.java:3597) ~[filemanager.jar:?]
	at com.st.microxplorer.plugins.projectmanager.gui.ProjectChoiceTab.defineWindowsFields(ProjectChoiceTab.java:1940) ~[filemanager.jar:?]
	at com.st.microxplorer.plugins.projectmanager.gui.ProjectChoiceTab.updateSettings(ProjectChoiceTab.java:550) ~[filemanager.jar:?]
	at com.st.microxplorer.plugins.projectmanager.gui.ProjectSettingsPanel.UpdateDialog(ProjectSettingsPanel.java:245) ~[filemanager.jar:?]
	at com.st.microxplorer.plugins.projectmanager.ProjectManagerView.propertyChange(ProjectManagerView.java:391) ~[filemanager.jar:?]
	at java.beans.PropertyChangeSupport.fire(PropertyChangeSupport.java:343) ~[?:?]
	at java.beans.PropertyChangeSupport.firePropertyChange(PropertyChangeSupport.java:335) ~[?:?]
	at java.beans.PropertyChangeSupport.firePropertyChange(PropertyChangeSupport.java:268) ~[?:?]
	at com.st.microxplorer.util.MXPropertyChangeSupport.firePropertyChange(MXPropertyChangeSupport.java:54) ~[STM32CubeMX.jar:?]
	at com.st.microxplorer.mxsystem.MxSystem.closeConfig(MxSystem.java:900) ~[STM32CubeMX.jar:?]
	at com.st.microxplorer.maingui.MainPanel.closeConfig(MainPanel.java:781) ~[STM32CubeMX.jar:?]
	at com.st.microxplorer.plugins.filemanager.engine.OpenFileManager.loadConfigurationFile(OpenFileManager.java:265) ~[filemanager.jar:?]
	at com.st.microxplorer.plugins.filemanager.engine.MainFileManager.userLoadConfig(MainFileManager.java:352) ~[filemanager.jar:?]
	at com.st.microxplorer.plugins.filemanager.engine.MainFileManager.userLoadConfig(MainFileManager.java:330) ~[filemanager.jar:?]
	at com.st.microxplorer.plugins.filemanager.FileManagerView.getSpecificTask(FileManagerView.java:246) ~[filemanager.jar:?]
	at com.st.stm32cube.common.mx.editor.CubeMxEditor.getMxTabbedPaneInstance(CubeMxEditor.java:1198) ~[com.st.stm32cube.common.mx_6.12.0.202406281431/:?]
	at com.st.stm32cube.common.mx.editor.CubeMxEditor$12$1.createSwingComponent(CubeMxEditor.java:1068) ~[com.st.stm32cube.common.mx_6.12.0.202406281431/:?]
	at com.st.stm32cube.common.mx.oss.core.awtswtbridge.EmbeddedSwingComposite.doComponentCreation(EmbeddedSwingComposite.java:492) ~[com.st.stm32cube.common.mx.oss_6.12.0.202406281431/:?]
	at com.st.stm32cube.common.mx.oss.core.awtswtbridge.EmbeddedSwingComposite$4.run(EmbeddedSwingComposite.java:291) ~[com.st.stm32cube.common.mx.oss_6.12.0.202406281431/:?]
	at com.st.stm32cube.common.mx.oss.core.awtswtbridge.AwtEnvironment$2.run(AwtEnvironment.java:166) ~[com.st.stm32cube.common.mx.oss_6.12.0.202406281431/:?]
	at java.awt.event.InvocationEvent.dispatch(InvocationEvent.java:318) ~[?:?]
	at java.awt.EventQueue.dispatchEventImpl(EventQueue.java:773) ~[?:?]
	at java.awt.EventQueue$4.run(EventQueue.java:720) ~[?:?]
	at java.awt.EventQueue$4.run(EventQueue.java:714) ~[?:?]
	at java.security.AccessController.doPrivileged(AccessController.java:399) ~[?:?]
	at java.security.ProtectionDomain$JavaSecurityAccessImpl.doIntersectionPrivilege(ProtectionDomain.java:86) ~[?:?]
	at java.awt.EventQueue.dispatchEvent(EventQueue.java:742) ~[?:?]
	at java.awt.EventDispatchThread.pumpOneEventForFilters(EventDispatchThread.java:203) ~[?:?]
	at java.awt.EventDispatchThread.pumpEventsForFilter(EventDispatchThread.java:124) ~[?:?]
	at java.awt.EventDispatchThread.pumpEventsForHierarchy(EventDispatchThread.java:113) ~[?:?]
	at java.awt.EventDispatchThread.pumpEvents(EventDispatchThread.java:109) ~[?:?]
	at java.awt.EventDispatchThread.pumpEvents(EventDispatchThread.java:101) ~[?:?]
	at java.awt.EventDispatchThread.run(EventDispatchThread.java:90) ~[?:?]
2024-09-25 21:02:10,984 [WARN] ThirdParty:871 - waiting for thirdparty lock release [close project]
2024-09-25 21:02:10,984 [INFO] ThirdParty:873 - entering critical section [close project]
2024-09-25 21:02:10,984 [INFO] ThirdParty:883 - exiting critical section [close project]
2024-09-25 21:02:10,988 [INFO] PinOutPanel:1561 - setPackage(No Configuration,No Configuration)
2024-09-25 21:02:11,000 [WARN] IpParametersView:151 - Warning: This peripheral hasn't parameters
2024-09-25 21:02:11,016 [WARN] MainPanel:284 - <html><b><center>Warning: This peripheral has no parameters to be configured<br></b></html>
2024-09-25 21:02:11,025 [INFO] UtilMem:75 - Begin LoadConfig() Used Memory: 741840392 Bytes (1073741824)
2024-09-25 21:02:11,031 [INFO] MicroXplorer:468 - Change Database Path : 
2024-09-25 21:02:11,031 [INFO] MicroXplorer:498 - Change Database Version : DB.6.0.120
2024-09-25 21:02:11,031 [INFO] OpenFileManager:332 - Change cursor
2024-09-25 21:02:11,128 [INFO] RulesReader:64 - Compatibility file has been processed (297 Rules)
2024-09-25 21:02:11,187 [INFO] Mcu:2032 - Initializing MCU STM32F446R(C-E)Tx STM32F446RETx STM32F446RET6
2024-09-25 21:02:12,775 [INFO] Context:742 - Trying to add GPIOservice into a context  which must be forbidden
2024-09-25 21:02:13,232 [INFO] RtosManager:555 - Registered RTOS mode: class=CMSIS, group=RTOS, mode=CMSIS_V1, owner=FREERTOS
2024-09-25 21:02:13,232 [INFO] RtosManager:555 - Registered RTOS mode: class=CMSIS, group=RTOS2, mode=CMSIS_V2, owner=FREERTOS
2024-09-25 21:02:13,232 [INFO] RtosManager:555 - Registered RTOS mode: class=RTOS, group=Core, mode=CMSIS_V1, owner=FREERTOS
2024-09-25 21:02:13,232 [INFO] RtosManager:555 - Registered RTOS mode: class=RTOS, group=Core, mode=CMSIS_V2, owner=FREERTOS
2024-09-25 21:02:13,232 [WARN] ModelIntegratedComponent:184 - Missing modes for component STMicroelectronics:FreeRTOS:0.0.1:STMicroelectronics:RTOS:FreeRTOS:Core:::10.2.0:
2024-09-25 21:02:13,242 [WARN] ModelIntegratedComponent:63 - No mode defined for component null
2024-09-25 21:02:13,243 [WARN] ModelIntegratedComponent:63 - No mode defined for component null
2024-09-25 21:02:13,243 [WARN] ModelIntegratedComponent:63 - No mode defined for component null
2024-09-25 21:02:13,243 [WARN] ModelIntegratedComponent:63 - No mode defined for component null
2024-09-25 21:02:13,243 [WARN] ModelIntegratedComponent:63 - No mode defined for component null
2024-09-25 21:02:13,243 [WARN] ModelIntegratedComponent:63 - No mode defined for component null
2024-09-25 21:02:13,243 [WARN] ModelIntegratedComponent:63 - No mode defined for component null
2024-09-25 21:02:13,243 [WARN] ModelIntegratedComponent:63 - No mode defined for component null
2024-09-25 21:02:13,243 [WARN] ModelIntegratedComponent:63 - No mode defined for component null
2024-09-25 21:02:13,243 [WARN] ModelIntegratedComponent:63 - No mode defined for component null
2024-09-25 21:02:13,243 [WARN] ModelIntegratedComponent:63 - No mode defined for component null
2024-09-25 21:02:13,243 [WARN] ModelIntegratedComponent:63 - No mode defined for component null
2024-09-25 21:02:13,243 [WARN] ModelIntegratedComponent:63 - No mode defined for component null
2024-09-25 21:02:13,243 [WARN] ModelIntegratedComponent:63 - No mode defined for component null
2024-09-25 21:02:13,243 [WARN] ModelIntegratedComponent:63 - No mode defined for component null
2024-09-25 21:02:13,243 [WARN] ModelIntegratedComponent:63 - No mode defined for component null
2024-09-25 21:02:13,243 [WARN] ModelIntegratedComponent:63 - No mode defined for component null
2024-09-25 21:02:13,243 [WARN] ModelIntegratedComponent:63 - No mode defined for component null
2024-09-25 21:02:13,243 [WARN] ModelIntegratedComponent:63 - No mode defined for component null
2024-09-25 21:02:13,243 [WARN] ModelIntegratedComponent:63 - No mode defined for component null
2024-09-25 21:02:13,243 [WARN] ModelIntegratedComponent:63 - No mode defined for component null
2024-09-25 21:02:13,243 [WARN] ModelIntegratedComponent:63 - No mode defined for component null
2024-09-25 21:02:13,243 [WARN] ModelIntegratedComponent:63 - No mode defined for component null
2024-09-25 21:02:13,243 [WARN] ModelIntegratedComponent:63 - No mode defined for component null
2024-09-25 21:02:13,244 [WARN] ModelIntegratedComponent:63 - No mode defined for component null
2024-09-25 21:02:13,244 [WARN] ModelIntegratedComponent:63 - No mode defined for component null
2024-09-25 21:02:13,244 [WARN] ModelIntegratedComponent:63 - No mode defined for component null
2024-09-25 21:02:13,244 [WARN] ModelIntegratedComponent:63 - No mode defined for component null
2024-09-25 21:02:13,244 [WARN] ModelIntegratedComponent:63 - No mode defined for component null
2024-09-25 21:02:13,244 [WARN] ModelIntegratedComponent:63 - No mode defined for component null
2024-09-25 21:02:13,244 [WARN] ModelIntegratedComponent:63 - No mode defined for component null
2024-09-25 21:02:13,244 [WARN] ModelIntegratedComponent:63 - No mode defined for component null
2024-09-25 21:02:13,244 [WARN] ModelIntegratedComponent:63 - No mode defined for component null
2024-09-25 21:02:13,244 [WARN] ModelIntegratedComponent:63 - No mode defined for component null
2024-09-25 21:02:13,244 [WARN] ModelIntegratedComponent:63 - No mode defined for component null
2024-09-25 21:02:13,244 [WARN] ModelPack:524 - Component already loaded: STMicroelectronics:HAL Drivers:0.0.0:STMicroelectronics:Device:STMicro_Driver:XSPI:HAL::0.0.1:HAL_XSPI
2024-09-25 21:02:13,268 [INFO] ThirdPartyModel:298 - Start build external matchings
2024-09-25 21:02:13,749 [INFO] ThirdPartyModel:316 - End build external matchings
2024-09-25 21:02:13,761 [INFO] ImportTextPane:205 - (OptionalMessage_ERROR) IP (RCC) : Invalid parameter (FamilyName)
2024-09-25 21:02:13,761 [INFO] ImportTextPane:205 - (OptionalMessage_ERROR) IP (RCC) : Parameter (MCO2PinFreq_Value) has invalid value (180000000)
2024-09-25 21:02:13,761 [INFO] ImportTextPane:205 - (OptionalMessage_ERROR) IP (RCC) : Parameter (SDIOFreq_Value) has invalid value (180000000)
2024-09-25 21:02:13,761 [INFO] ImportTextPane:205 - (OptionalMessage_ERROR) IP (RCC) : Parameter (USBFreq_Value) has invalid value (180000000)
2024-09-25 21:02:14,088 [INFO] UtilMem:75 - End LoadConfig() Used Memory: 902509240 Bytes (1073741824)
2024-09-25 21:02:14,194 [WARN] ThirdParty:833 - waiting for thirdparty lock release [change project]
2024-09-25 21:02:14,194 [INFO] ThirdParty:835 - entering critical section [change project]
2024-09-25 21:02:14,194 [INFO] ThirdParty:1030 - CMSIS Pack Vendor :STMicroelectronics USBPD 4.1
2024-09-25 21:02:14,194 [INFO] ThirdParty:1030 - CMSIS Pack Vendor :STMicroelectronics X-CUBE-AZRTOS-H7 3.3.0
2024-09-25 21:02:14,194 [INFO] ThirdParty:1030 - CMSIS Pack Vendor :STMicroelectronics USB_HOST 2.0.0
2024-09-25 21:02:14,194 [INFO] ThirdParty:1030 - CMSIS Pack Vendor :STMicroelectronics FP-SNS-MOTENVWB1 1.4.0
2024-09-25 21:02:14,194 [INFO] ThirdParty:1030 - CMSIS Pack Vendor :STMicroelectronics X-CUBE-AZRTOS-F4 1.1.0
2024-09-25 21:02:14,194 [INFO] ThirdParty:1030 - CMSIS Pack Vendor :STMicroelectronics LIBJPEG 8.0.0
2024-09-25 21:02:14,194 [INFO] ThirdParty:1030 - CMSIS Pack Vendor :STMicroelectronics X-CUBE-SMBUS 2.1.0
2024-09-25 21:02:14,194 [INFO] ThirdParty:1030 - CMSIS Pack Vendor :STMicroelectronics USB_DEVICE 3.0.0
2024-09-25 21:02:14,194 [INFO] ThirdParty:1030 - CMSIS Pack Vendor :STMicroelectronics X-CUBE-TCPP 4.1.0
2024-09-25 21:02:14,194 [INFO] ThirdParty:1030 - CMSIS Pack Vendor :STMicroelectronics X-CUBE-ISPU 2.1.0
2024-09-25 21:02:14,194 [INFO] ThirdParty:1030 - CMSIS Pack Vendor :STMicroelectronics X-CUBE-FREERTOS 1.2.0
2024-09-25 21:02:14,194 [INFO] ThirdParty:1030 - CMSIS Pack Vendor :STMicroelectronics X-CUBE-AZRTOS-WB 2.0.0
2024-09-25 21:02:14,194 [INFO] ThirdParty:1030 - CMSIS Pack Vendor :STMicroelectronics X-CUBE-GNSS1 7.0.0
2024-09-25 21:02:14,194 [INFO] ThirdParty:1030 - CMSIS Pack Vendor :STMicroelectronics X-CUBE-AZRTOS-F7 1.1.0
2024-09-25 21:02:14,194 [INFO] ThirdParty:1030 - CMSIS Pack Vendor :STMicroelectronics X-CUBE-AZRTOS-L5 2.0.0
2024-09-25 21:02:14,194 [INFO] ThirdParty:1030 - CMSIS Pack Vendor :STMicroelectronics USB_DEVICE 2.0.0
2024-09-25 21:02:14,194 [INFO] ThirdParty:1030 - CMSIS Pack Vendor :STMicroelectronics X-CUBE-NFC6 3.1.0
2024-09-25 21:02:14,194 [INFO] ThirdParty:1030 - CMSIS Pack Vendor :STMicroelectronics FP-SNS-STBOX1 2.0.0
2024-09-25 21:02:14,194 [INFO] ThirdParty:1030 - CMSIS Pack Vendor :STMicroelectronics X-CUBE-MEMS1 11.0.0
2024-09-25 21:02:14,195 [INFO] ThirdParty:1030 - CMSIS Pack Vendor :STMicroelectronics FreeRTOS 0.0.1
2024-09-25 21:02:14,195 [INFO] ThirdParty:1030 - CMSIS Pack Vendor :STMicroelectronics X-CUBE-AZRTOS-G0 1.1.0
2024-09-25 21:02:14,195 [INFO] ThirdParty:1030 - CMSIS Pack Vendor :STMicroelectronics X-CUBE-SAFEA1 1.2.2
2024-09-25 21:02:14,195 [INFO] ThirdParty:1030 - CMSIS Pack Vendor :STMicroelectronics X-CUBE-NFC4 3.0.0
2024-09-25 21:02:14,195 [INFO] ThirdParty:1030 - CMSIS Pack Vendor :STMicroelectronics X-CUBE-DPower 1.2.0
2024-09-25 21:02:14,195 [INFO] ThirdParty:1030 - CMSIS Pack Vendor :STMicroelectronics X-CUBE-SUBG2 5.0.0
2024-09-25 21:02:14,195 [INFO] ThirdParty:1030 - CMSIS Pack Vendor :STMicroelectronics STM32_WPAN 1.0.0
2024-09-25 21:02:14,195 [INFO] ThirdParty:1030 - CMSIS Pack Vendor :EmbeddedOffice I-CUBE-FS-RTOS 1.0.1
2024-09-25 21:02:14,195 [INFO] ThirdParty:1030 - CMSIS Pack Vendor :STMicroelectronics lwIP 2.0.3
2024-09-25 21:02:14,195 [INFO] ThirdParty:1030 - CMSIS Pack Vendor :STMicroelectronics FP-SNS-FLIGHT1 5.0.2
2024-09-25 21:02:14,195 [INFO] ThirdParty:1030 - CMSIS Pack Vendor :Cesanta I-CUBE-Mongoose 7.13.0
2024-09-25 21:02:14,195 [INFO] ThirdParty:1030 - CMSIS Pack Vendor :STMicroelectronics USB_HOST 1.0.0
2024-09-25 21:02:14,195 [INFO] ThirdParty:1030 - CMSIS Pack Vendor :STMicroelectronics X-CUBE-AI 9.0.0
2024-09-25 21:02:14,195 [INFO] ThirdParty:1030 - CMSIS Pack Vendor :STMicroelectronics X-CUBE-AZRTOS-G4 2.0.0
2024-09-25 21:02:14,195 [INFO] ThirdParty:1030 - CMSIS Pack Vendor :STMicroelectronics PDM2PCM 3.1.0
2024-09-25 21:02:14,195 [INFO] ThirdParty:1030 - CMSIS Pack Vendor :STMicroelectronics PDM2PCM 3.3.0
2024-09-25 21:02:14,195 [INFO] ThirdParty:1030 - CMSIS Pack Vendor :STMicroelectronics X-CUBE-DISPLAY 3.0.0
2024-09-25 21:02:14,195 [INFO] ThirdParty:1030 - CMSIS Pack Vendor :RealThread X-CUBE-RT-Thread_Nano 4.1.1
2024-09-25 21:02:14,195 [INFO] ThirdParty:1030 - CMSIS Pack Vendor :STMicroelectronics X-CUBE-BLE1 7.0.0
2024-09-25 21:02:14,195 [INFO] ThirdParty:1030 - CMSIS Pack Vendor :STMicroelectronics FP-ATR-SIGFOX1 3.2.0
2024-09-25 21:02:14,195 [INFO] ThirdParty:1030 - CMSIS Pack Vendor :wolfSSL I-CUBE-wolfSSL 5.7.2
2024-09-25 21:02:14,195 [INFO] ThirdParty:1030 - CMSIS Pack Vendor :STMicroelectronics X-CUBE-ISPU 2.0.0
2024-09-25 21:02:14,195 [INFO] ThirdParty:1030 - CMSIS Pack Vendor :STMicroelectronics X-CUBE-EEPRMA1 5.1.0
2024-09-25 21:02:14,195 [INFO] ThirdParty:1030 - CMSIS Pack Vendor :STMicroelectronics HAL Drivers 0.0.0
2024-09-25 21:02:14,196 [INFO] ThirdParty:1030 - CMSIS Pack Vendor :STMicroelectronics MBEDTLS 2.16.2
2024-09-25 21:02:14,196 [INFO] ThirdParty:1030 - CMSIS Pack Vendor :STMicroelectronics X-CUBE-ALS 1.0.2
2024-09-25 21:02:14,196 [INFO] ThirdParty:1030 - CMSIS Pack Vendor :emotas I-CUBE-CANOPEN 1.3.0
2024-09-25 21:02:14,196 [INFO] ThirdParty:1030 - CMSIS Pack Vendor :STMicroelectronics X-CUBE-NFC7 1.0.1
2024-09-25 21:02:14,198 [INFO] ThirdParty:1030 - CMSIS Pack Vendor :STMicroelectronics MBEDTLS 2.14.1
2024-09-25 21:02:14,198 [INFO] ThirdParty:1030 - CMSIS Pack Vendor :STMicroelectronics X-CUBE-TOUCHGFX 4.24.0
2024-09-25 21:02:14,198 [INFO] ThirdParty:1030 - CMSIS Pack Vendor :ITTIA_DB I-CUBE-ITTIADB 8.9.0
2024-09-25 21:02:14,198 [INFO] ThirdParty:1030 - CMSIS Pack Vendor :STMicroelectronics X-CUBE-TOUCHGFX 4.24.1
2024-09-25 21:02:14,198 [INFO] ThirdParty:1030 - CMSIS Pack Vendor :wolfSSL I-CUBE-wolfTPM 3.4.0
2024-09-25 21:02:14,198 [INFO] ThirdParty:1030 - CMSIS Pack Vendor :portGmbH I-Cube-SoM-uGOAL 1.1.0
2024-09-25 21:02:14,198 [INFO] ThirdParty:1030 - CMSIS Pack Vendor :STMicroelectronics X-CUBE-BLEMGR 3.1.0
2024-09-25 21:02:14,198 [INFO] ThirdParty:1030 - CMSIS Pack Vendor :STMicroelectronics ThreadX 1.0.0
2024-09-25 21:02:14,198 [INFO] ThirdParty:1030 - CMSIS Pack Vendor :STMicroelectronics FP-SNS-SMARTAG2 1.2.0
2024-09-25 21:02:14,198 [INFO] ThirdParty:1030 - CMSIS Pack Vendor :STMicroelectronics X-CUBE-AZRTOS-WL 2.0.0
2024-09-25 21:02:14,198 [INFO] ThirdParty:1030 - CMSIS Pack Vendor :SEGGER I-CUBE-embOS 1.3.1
2024-09-25 21:02:14,198 [INFO] ThirdParty:1030 - CMSIS Pack Vendor :STMicroelectronics X-CUBE-ALGOBUILD 1.4.0
2024-09-25 21:02:14,198 [INFO] ThirdParty:1030 - CMSIS Pack Vendor :STMicroelectronics FP-SNS-MOTENV1 5.0.0
2024-09-25 21:02:14,198 [INFO] ThirdParty:1030 - CMSIS Pack Vendor :STMicroelectronics USB_DEVICE 1.0.0
2024-09-25 21:02:14,199 [INFO] ThirdParty:1030 - CMSIS Pack Vendor :STMicroelectronics X-CUBE-AZRTOS-H7RS 1.0.0
2024-09-25 21:02:14,199 [INFO] ThirdParty:1030 - CMSIS Pack Vendor :wolfSSL I-CUBE-wolfMQTT 1.19.0
2024-09-25 21:02:14,199 [INFO] ThirdParty:1030 - CMSIS Pack Vendor :STMicroelectronics X-CUBE-AZRTOS-L4 2.0.0
2024-09-25 21:02:14,199 [INFO] ThirdParty:1030 - CMSIS Pack Vendor :STMicroelectronics ThreadX 0.0.2
2024-09-25 21:02:14,199 [INFO] ThirdParty:1030 - CMSIS Pack Vendor :WES I-CUBE-Cesium 1.3.0
2024-09-25 21:02:14,199 [INFO] ThirdParty:1030 - CMSIS Pack Vendor :STMicroelectronics FP-ATR-ASTRA1 2.0.0
2024-09-25 21:02:14,200 [INFO] ThirdParty:1030 - CMSIS Pack Vendor :STMicroelectronics lwIP 2.1.2
2024-09-25 21:02:14,200 [INFO] ThirdParty:1030 - CMSIS Pack Vendor :STMicroelectronics X-CUBE-SFXS2LP1 4.0.0
2024-09-25 21:02:14,200 [INFO] ThirdParty:1030 - CMSIS Pack Vendor :STMicroelectronics X-CUBE-BLE2 3.3.0
2024-09-25 21:02:14,200 [INFO] ThirdParty:1030 - CMSIS Pack Vendor :STMicroelectronics X-CUBE-TOF1 3.4.2
2024-09-25 21:02:14,200 [INFO] ThirdParty:1030 - CMSIS Pack Vendor :Infineon AIROC-Wi-Fi-Bluetooth-STM32 1.6.1
2024-09-25 21:02:14,200 [INFO] ThirdParty:1030 - CMSIS Pack Vendor :STMicroelectronics PDM2PCM 3.2.0
2024-09-25 21:02:14,200 [INFO] ThirdParty:1030 - CMSIS Pack Vendor :wolfSSL I-CUBE-wolfSSH 1.4.17
2024-09-25 21:02:14,201 [INFO] ThirdParty:841 - exiting critical section [change project]
2024-09-25 21:02:14,495 [INFO] PinOutPanel:1561 - setPackage(No Configuration,No Configuration)
2024-09-25 21:02:14,495 [INFO] PinOutPanel:1561 - setPackage(STM32F446RETx,LQFP64)
2024-09-25 21:02:14,812 [INFO] UtilMem:75 - Before build in PCC Used Memory: 949197560 Bytes (1073741824)
2024-09-25 21:02:15,108 [INFO] UtilMem:75 - After build in PCC Used Memory: 723049888 Bytes (1073741824)
2024-09-25 21:02:15,129 [INFO] IPUIPlugin:80 - create IPUIPlugin
2024-09-25 21:02:15,129 [INFO] IPUIPlugin:80 - create IPUIPlugin
2024-09-25 21:02:15,129 [INFO] IPUIPlugin:80 - create IPUIPlugin
2024-09-25 21:02:15,129 [INFO] IPUIPlugin:80 - create IPUIPlugin
2024-09-25 21:02:15,129 [INFO] IPUIPlugin:80 - create IPUIPlugin
2024-09-25 21:02:15,129 [INFO] IPUIPlugin:80 - create IPUIPlugin
2024-09-25 21:02:15,130 [INFO] IPUIPlugin:80 - create IPUIPlugin
2024-09-25 21:02:15,130 [INFO] IPUIPlugin:80 - create IPUIPlugin
2024-09-25 21:02:15,130 [INFO] IPUIPlugin:80 - create IPUIPlugin
2024-09-25 21:02:15,130 [INFO] IPUIPlugin:80 - create IPUIPlugin
2024-09-25 21:02:15,130 [INFO] IPUIPlugin:80 - create IPUIPlugin
2024-09-25 21:02:15,130 [INFO] IPUIPlugin:80 - create IPUIPlugin
2024-09-25 21:02:15,130 [INFO] IPUIPlugin:80 - create IPUIPlugin
2024-09-25 21:02:15,130 [INFO] IPUIPlugin:80 - create IPUIPlugin
2024-09-25 21:02:15,130 [INFO] IPUIPlugin:80 - create IPUIPlugin
2024-09-25 21:02:15,130 [INFO] IPUIPlugin:80 - create IPUIPlugin
2024-09-25 21:02:15,130 [INFO] IPUIPlugin:80 - create IPUIPlugin
2024-09-25 21:02:15,130 [INFO] IPUIPlugin:80 - create IPUIPlugin
2024-09-25 21:02:15,131 [INFO] IPUIPlugin:80 - create IPUIPlugin
2024-09-25 21:02:15,131 [INFO] IPUIPlugin:80 - create IPUIPlugin
2024-09-25 21:02:15,131 [INFO] IPUIPlugin:80 - create IPUIPlugin
2024-09-25 21:02:15,131 [INFO] IPUIPlugin:80 - create IPUIPlugin
2024-09-25 21:02:15,131 [INFO] IPUIPlugin:80 - create IPUIPlugin
2024-09-25 21:02:15,131 [INFO] IPUIPlugin:80 - create IPUIPlugin
2024-09-25 21:02:15,131 [INFO] IPUIPlugin:80 - create IPUIPlugin
2024-09-25 21:02:15,131 [INFO] IPUIPlugin:80 - create IPUIPlugin
2024-09-25 21:02:15,132 [INFO] IPUIPlugin:80 - create IPUIPlugin
2024-09-25 21:02:15,132 [INFO] IPUIPlugin:80 - create IPUIPlugin
2024-09-25 21:02:15,132 [INFO] IPUIPlugin:80 - create IPUIPlugin
2024-09-25 21:02:15,132 [INFO] IPUIPlugin:80 - create IPUIPlugin
2024-09-25 21:02:15,132 [INFO] IPUIPlugin:80 - create IPUIPlugin
2024-09-25 21:02:15,132 [INFO] IPUIPlugin:80 - create IPUIPlugin
2024-09-25 21:02:15,133 [INFO] IPUIPlugin:80 - create IPUIPlugin
2024-09-25 21:02:15,133 [INFO] IPUIPlugin:80 - create IPUIPlugin
2024-09-25 21:02:15,133 [INFO] IPUIPlugin:80 - create IPUIPlugin
2024-09-25 21:02:15,133 [INFO] IPUIPlugin:80 - create IPUIPlugin
2024-09-25 21:02:15,133 [INFO] IPUIPlugin:80 - create IPUIPlugin
2024-09-25 21:02:15,133 [INFO] IPUIPlugin:80 - create IPUIPlugin
2024-09-25 21:02:15,134 [INFO] IPUIPlugin:80 - create IPUIPlugin
2024-09-25 21:02:15,134 [INFO] IPUIPlugin:80 - create IPUIPlugin
2024-09-25 21:02:15,134 [INFO] IPUIPlugin:80 - create IPUIPlugin
2024-09-25 21:02:15,134 [INFO] IPUIPlugin:80 - create IPUIPlugin
2024-09-25 21:02:15,134 [INFO] IPUIPlugin:80 - create IPUIPlugin
2024-09-25 21:02:15,135 [INFO] IPUIPlugin:80 - create IPUIPlugin
2024-09-25 21:02:15,135 [INFO] IPUIPlugin:80 - create IPUIPlugin
2024-09-25 21:02:15,135 [INFO] IPUIPlugin:80 - create IPUIPlugin
2024-09-25 21:02:15,135 [INFO] IPUIPlugin:80 - create IPUIPlugin
2024-09-25 21:02:15,135 [INFO] IPUIPlugin:80 - create IPUIPlugin
2024-09-25 21:02:15,136 [INFO] IPUIPlugin:80 - create IPUIPlugin
2024-09-25 21:02:15,136 [INFO] IPUIPlugin:80 - create IPUIPlugin
2024-09-25 21:02:15,137 [INFO] IPUIPlugin:80 - create IPUIPlugin
2024-09-25 21:02:15,138 [INFO] IPUIPlugin:80 - create IPUIPlugin
2024-09-25 21:02:15,138 [INFO] IPUIPlugin:80 - create IPUIPlugin
2024-09-25 21:02:15,138 [INFO] IPUIPlugin:80 - create IPUIPlugin
2024-09-25 21:02:15,138 [INFO] IPUIPlugin:80 - create IPUIPlugin
2024-09-25 21:02:15,140 [INFO] IPUIPlugin:80 - create IPUIPlugin
2024-09-25 21:02:15,140 [INFO] IPUIPlugin:80 - create IPUIPlugin
2024-09-25 21:02:15,140 [INFO] IPUIPlugin:80 - create IPUIPlugin
2024-09-25 21:02:15,141 [INFO] IPUIPlugin:80 - create IPUIPlugin
2024-09-25 21:02:15,141 [INFO] IPUIPlugin:80 - create IPUIPlugin
2024-09-25 21:02:15,158 [INFO] ApiDbMcu:508 - Load IP Config File for PDM2PCM
2024-09-25 21:02:15,158 [WARN] IP:2191 - I2C_Coeff_DF not found: check if there is a RefParameter without a condition.
2024-09-25 21:02:15,158 [WARN] IP:2191 - Analog_Filter not found: check if there is a RefParameter without a condition.
2024-09-25 21:02:15,211 [INFO] CADModel:165 - CPN selected for project levelSTM32F446RET6
2024-09-25 21:02:15,211 [INFO] CADModel:114 - Register for checkConnection events
2024-09-25 21:02:15,280 [INFO] OpenFileManager:363 - Restore cursor
2024-09-25 21:02:15,596 [WARN] IP:2191 - I2C_Coeff_DF not found: check if there is a RefParameter without a condition.
2024-09-25 21:02:15,596 [WARN] IP:2191 - Analog_Filter not found: check if there is a RefParameter without a condition.
2024-09-25 21:02:15,596 [WARN] IP:2191 - I2C_Coeff_DF not found: check if there is a RefParameter without a condition.
2024-09-25 21:02:15,596 [WARN] IP:2191 - Analog_Filter not found: check if there is a RefParameter without a condition.
2024-09-25 21:08:54,813 [INFO] MainUpdater:2873 - connection check result : 10
2024-09-25 21:08:54,813 [INFO] MainUpdater:2873 - connection check result : 10
2024-09-25 21:08:54,917 [INFO] MicroXplorer:468 - Change Database Path : 
2024-09-25 21:08:54,917 [INFO] MicroXplorer:498 - Change Database Version : DB.6.0.120
2024-09-25 21:08:54,929 [ERROR] ProjectManagerView:394 - 
java.lang.NullPointerException: Cannot invoke "javax.swing.JTextField.getText()" because the return value of "java.util.List.get(int)" is null
	at com.st.microxplorer.plugins.projectmanager.gui.ProjectChoiceTab$10.caretUpdate(ProjectChoiceTab.java:2622) ~[filemanager.jar:?]
	at javax.swing.text.JTextComponent.fireCaretUpdate(JTextComponent.java:412) ~[?:?]
	at javax.swing.text.JTextComponent$MutableCaretEvent.fire(JTextComponent.java:4491) ~[?:?]
	at javax.swing.text.JTextComponent$MutableCaretEvent.stateChanged(JTextComponent.java:4513) ~[?:?]
	at javax.swing.text.DefaultCaret.fireStateChanged(DefaultCaret.java:842) ~[?:?]
	at javax.swing.text.DefaultCaret.changeCaretPosition(DefaultCaret.java:1313) ~[?:?]
	at javax.swing.text.DefaultCaret.handleSetDot(DefaultCaret.java:1212) ~[?:?]
	at javax.swing.text.DefaultCaret.setDot(DefaultCaret.java:1193) ~[?:?]
	at javax.swing.text.DefaultCaret$Handler.insertUpdate(DefaultCaret.java:1789) ~[?:?]
	at javax.swing.text.AbstractDocument.fireInsertUpdate(AbstractDocument.java:226) ~[?:?]
	at javax.swing.text.AbstractDocument.handleInsertString(AbstractDocument.java:780) ~[?:?]
	at javax.swing.text.AbstractDocument.insertString(AbstractDocument.java:739) ~[?:?]
	at javax.swing.text.PlainDocument.insertString(PlainDocument.java:131) ~[?:?]
	at javax.swing.text.AbstractDocument.replace(AbstractDocument.java:698) ~[?:?]
	at javax.swing.text.JTextComponent.setText(JTextComponent.java:1729) ~[?:?]
	at com.st.microxplorer.plugins.projectmanager.gui.ProjectChoiceTab.createHeapStackFields(ProjectChoiceTab.java:972) ~[filemanager.jar:?]
	at com.st.microxplorer.plugins.projectmanager.gui.ProjectChoiceTab.buildLinkSettingsPanel(ProjectChoiceTab.java:3597) ~[filemanager.jar:?]
	at com.st.microxplorer.plugins.projectmanager.gui.ProjectChoiceTab.defineWindowsFields(ProjectChoiceTab.java:1940) ~[filemanager.jar:?]
	at com.st.microxplorer.plugins.projectmanager.gui.ProjectChoiceTab.updateSettings(ProjectChoiceTab.java:550) ~[filemanager.jar:?]
	at com.st.microxplorer.plugins.projectmanager.gui.ProjectSettingsPanel.UpdateDialog(ProjectSettingsPanel.java:245) ~[filemanager.jar:?]
	at com.st.microxplorer.plugins.projectmanager.ProjectManagerView.propertyChange(ProjectManagerView.java:391) ~[filemanager.jar:?]
	at java.beans.PropertyChangeSupport.fire(PropertyChangeSupport.java:343) ~[?:?]
	at java.beans.PropertyChangeSupport.firePropertyChange(PropertyChangeSupport.java:335) ~[?:?]
	at java.beans.PropertyChangeSupport.firePropertyChange(PropertyChangeSupport.java:268) ~[?:?]
	at com.st.microxplorer.util.MXPropertyChangeSupport.firePropertyChange(MXPropertyChangeSupport.java:54) ~[STM32CubeMX.jar:?]
	at com.st.microxplorer.mxsystem.MxSystem.closeConfig(MxSystem.java:900) ~[STM32CubeMX.jar:?]
	at com.st.microxplorer.maingui.MainPanel.closeConfig(MainPanel.java:781) ~[STM32CubeMX.jar:?]
	at com.st.microxplorer.plugins.filemanager.engine.OpenFileManager.loadConfigurationFile(OpenFileManager.java:265) ~[filemanager.jar:?]
	at com.st.microxplorer.plugins.filemanager.engine.MainFileManager.userLoadConfig(MainFileManager.java:352) ~[filemanager.jar:?]
	at com.st.microxplorer.plugins.filemanager.engine.MainFileManager.userLoadConfig(MainFileManager.java:330) ~[filemanager.jar:?]
	at com.st.microxplorer.plugins.filemanager.FileManagerView.getSpecificTask(FileManagerView.java:246) ~[filemanager.jar:?]
	at com.st.stm32cube.common.mx.editor.CubeMxEditor.getMxTabbedPaneInstance(CubeMxEditor.java:1198) ~[com.st.stm32cube.common.mx_6.12.0.202406281431/:?]
	at com.st.stm32cube.common.mx.editor.CubeMxEditor$12$1.createSwingComponent(CubeMxEditor.java:1068) ~[com.st.stm32cube.common.mx_6.12.0.202406281431/:?]
	at com.st.stm32cube.common.mx.oss.core.awtswtbridge.EmbeddedSwingComposite.doComponentCreation(EmbeddedSwingComposite.java:492) ~[com.st.stm32cube.common.mx.oss_6.12.0.202406281431/:?]
	at com.st.stm32cube.common.mx.oss.core.awtswtbridge.EmbeddedSwingComposite$4.run(EmbeddedSwingComposite.java:291) ~[com.st.stm32cube.common.mx.oss_6.12.0.202406281431/:?]
	at com.st.stm32cube.common.mx.oss.core.awtswtbridge.AwtEnvironment$2.run(AwtEnvironment.java:166) ~[com.st.stm32cube.common.mx.oss_6.12.0.202406281431/:?]
	at java.awt.event.InvocationEvent.dispatch(InvocationEvent.java:318) ~[?:?]
	at java.awt.EventQueue.dispatchEventImpl(EventQueue.java:773) ~[?:?]
	at java.awt.EventQueue$4.run(EventQueue.java:720) ~[?:?]
	at java.awt.EventQueue$4.run(EventQueue.java:714) ~[?:?]
	at java.security.AccessController.doPrivileged(AccessController.java:399) ~[?:?]
	at java.security.ProtectionDomain$JavaSecurityAccessImpl.doIntersectionPrivilege(ProtectionDomain.java:86) ~[?:?]
	at java.awt.EventQueue.dispatchEvent(EventQueue.java:742) ~[?:?]
	at java.awt.EventDispatchThread.pumpOneEventForFilters(EventDispatchThread.java:203) ~[?:?]
	at java.awt.EventDispatchThread.pumpEventsForFilter(EventDispatchThread.java:124) ~[?:?]
	at java.awt.EventDispatchThread.pumpEventsForHierarchy(EventDispatchThread.java:113) ~[?:?]
	at java.awt.EventDispatchThread.pumpEvents(EventDispatchThread.java:109) ~[?:?]
	at java.awt.EventDispatchThread.pumpEvents(EventDispatchThread.java:101) ~[?:?]
	at java.awt.EventDispatchThread.run(EventDispatchThread.java:90) ~[?:?]
2024-09-25 21:08:54,930 [WARN] ThirdParty:871 - waiting for thirdparty lock release [close project]
2024-09-25 21:08:54,930 [INFO] ThirdParty:873 - entering critical section [close project]
2024-09-25 21:08:54,930 [INFO] ThirdParty:883 - exiting critical section [close project]
2024-09-25 21:08:54,931 [INFO] PinOutPanel:1561 - setPackage(No Configuration,No Configuration)
2024-09-25 21:08:54,935 [WARN] IpParametersView:151 - Warning: This peripheral hasn't parameters
2024-09-25 21:08:54,938 [WARN] MainPanel:284 - <html><b><center>Warning: This peripheral has no parameters to be configured<br></b></html>
2024-09-25 21:08:54,942 [INFO] UtilMem:75 - Begin LoadConfig() Used Memory: 770818528 Bytes (1073741824)
2024-09-25 21:08:54,943 [INFO] MicroXplorer:468 - Change Database Path : 
2024-09-25 21:08:54,943 [INFO] MicroXplorer:498 - Change Database Version : DB.6.0.120
2024-09-25 21:08:54,943 [INFO] OpenFileManager:332 - Change cursor
2024-09-25 21:08:54,953 [INFO] Mcu:2032 - Initializing MCU STM32F446R(C-E)Tx STM32F446RETx STM32F446RET6
2024-09-25 21:08:56,169 [INFO] Context:742 - Trying to add GPIOservice into a context  which must be forbidden
2024-09-25 21:08:56,686 [INFO] RtosManager:555 - Registered RTOS mode: class=CMSIS, group=RTOS, mode=CMSIS_V1, owner=FREERTOS
2024-09-25 21:08:56,686 [INFO] RtosManager:555 - Registered RTOS mode: class=CMSIS, group=RTOS2, mode=CMSIS_V2, owner=FREERTOS
2024-09-25 21:08:56,686 [INFO] RtosManager:555 - Registered RTOS mode: class=RTOS, group=Core, mode=CMSIS_V1, owner=FREERTOS
2024-09-25 21:08:56,686 [INFO] RtosManager:555 - Registered RTOS mode: class=RTOS, group=Core, mode=CMSIS_V2, owner=FREERTOS
2024-09-25 21:08:56,686 [WARN] ModelIntegratedComponent:184 - Missing modes for component STMicroelectronics:FreeRTOS:0.0.1:STMicroelectronics:RTOS:FreeRTOS:Core:::10.2.0:
2024-09-25 21:08:56,695 [WARN] ModelIntegratedComponent:63 - No mode defined for component null
2024-09-25 21:08:56,695 [WARN] ModelIntegratedComponent:63 - No mode defined for component null
2024-09-25 21:08:56,695 [WARN] ModelIntegratedComponent:63 - No mode defined for component null
2024-09-25 21:08:56,695 [WARN] ModelIntegratedComponent:63 - No mode defined for component null
2024-09-25 21:08:56,695 [WARN] ModelIntegratedComponent:63 - No mode defined for component null
2024-09-25 21:08:56,695 [WARN] ModelIntegratedComponent:63 - No mode defined for component null
2024-09-25 21:08:56,695 [WARN] ModelIntegratedComponent:63 - No mode defined for component null
2024-09-25 21:08:56,695 [WARN] ModelIntegratedComponent:63 - No mode defined for component null
2024-09-25 21:08:56,695 [WARN] ModelIntegratedComponent:63 - No mode defined for component null
2024-09-25 21:08:56,695 [WARN] ModelIntegratedComponent:63 - No mode defined for component null
2024-09-25 21:08:56,695 [WARN] ModelIntegratedComponent:63 - No mode defined for component null
2024-09-25 21:08:56,695 [WARN] ModelIntegratedComponent:63 - No mode defined for component null
2024-09-25 21:08:56,695 [WARN] ModelIntegratedComponent:63 - No mode defined for component null
2024-09-25 21:08:56,695 [WARN] ModelIntegratedComponent:63 - No mode defined for component null
2024-09-25 21:08:56,695 [WARN] ModelIntegratedComponent:63 - No mode defined for component null
2024-09-25 21:08:56,695 [WARN] ModelIntegratedComponent:63 - No mode defined for component null
2024-09-25 21:08:56,695 [WARN] ModelIntegratedComponent:63 - No mode defined for component null
2024-09-25 21:08:56,695 [WARN] ModelIntegratedComponent:63 - No mode defined for component null
2024-09-25 21:08:56,695 [WARN] ModelIntegratedComponent:63 - No mode defined for component null
2024-09-25 21:08:56,695 [WARN] ModelIntegratedComponent:63 - No mode defined for component null
2024-09-25 21:08:56,695 [WARN] ModelIntegratedComponent:63 - No mode defined for component null
2024-09-25 21:08:56,695 [WARN] ModelIntegratedComponent:63 - No mode defined for component null
2024-09-25 21:08:56,695 [WARN] ModelIntegratedComponent:63 - No mode defined for component null
2024-09-25 21:08:56,695 [WARN] ModelIntegratedComponent:63 - No mode defined for component null
2024-09-25 21:08:56,695 [WARN] ModelIntegratedComponent:63 - No mode defined for component null
2024-09-25 21:08:56,695 [WARN] ModelIntegratedComponent:63 - No mode defined for component null
2024-09-25 21:08:56,695 [WARN] ModelIntegratedComponent:63 - No mode defined for component null
2024-09-25 21:08:56,695 [WARN] ModelIntegratedComponent:63 - No mode defined for component null
2024-09-25 21:08:56,695 [WARN] ModelIntegratedComponent:63 - No mode defined for component null
2024-09-25 21:08:56,695 [WARN] ModelIntegratedComponent:63 - No mode defined for component null
2024-09-25 21:08:56,695 [WARN] ModelIntegratedComponent:63 - No mode defined for component null
2024-09-25 21:08:56,695 [WARN] ModelIntegratedComponent:63 - No mode defined for component null
2024-09-25 21:08:56,695 [WARN] ModelIntegratedComponent:63 - No mode defined for component null
2024-09-25 21:08:56,695 [WARN] ModelIntegratedComponent:63 - No mode defined for component null
2024-09-25 21:08:56,695 [WARN] ModelIntegratedComponent:63 - No mode defined for component null
2024-09-25 21:08:56,695 [WARN] ModelPack:524 - Component already loaded: STMicroelectronics:HAL Drivers:0.0.0:STMicroelectronics:Device:STMicro_Driver:XSPI:HAL::0.0.1:HAL_XSPI
2024-09-25 21:08:56,726 [INFO] ThirdPartyModel:298 - Start build external matchings
2024-09-25 21:08:57,250 [INFO] ThirdPartyModel:316 - End build external matchings
2024-09-25 21:08:57,258 [INFO] ImportTextPane:205 - (OptionalMessage_ERROR) IP (RCC) : Invalid parameter (FamilyName)
2024-09-25 21:08:57,258 [INFO] ImportTextPane:205 - (OptionalMessage_ERROR) IP (RCC) : Parameter (MCO2PinFreq_Value) has invalid value (180000000)
2024-09-25 21:08:57,258 [INFO] ImportTextPane:205 - (OptionalMessage_ERROR) IP (RCC) : Parameter (SDIOFreq_Value) has invalid value (180000000)
2024-09-25 21:08:57,258 [INFO] ImportTextPane:205 - (OptionalMessage_ERROR) IP (RCC) : Parameter (USBFreq_Value) has invalid value (180000000)
2024-09-25 21:08:57,477 [INFO] UtilMem:75 - End LoadConfig() Used Memory: 770750976 Bytes (1073741824)
2024-09-25 21:08:57,532 [WARN] ThirdParty:833 - waiting for thirdparty lock release [change project]
2024-09-25 21:08:57,533 [INFO] ThirdParty:835 - entering critical section [change project]
2024-09-25 21:08:57,533 [INFO] ThirdParty:1030 - CMSIS Pack Vendor :STMicroelectronics USBPD 4.1
2024-09-25 21:08:57,533 [INFO] ThirdParty:1030 - CMSIS Pack Vendor :STMicroelectronics X-CUBE-AZRTOS-H7 3.3.0
2024-09-25 21:08:57,533 [INFO] ThirdParty:1030 - CMSIS Pack Vendor :STMicroelectronics USB_HOST 2.0.0
2024-09-25 21:08:57,533 [INFO] ThirdParty:1030 - CMSIS Pack Vendor :STMicroelectronics FP-SNS-MOTENVWB1 1.4.0
2024-09-25 21:08:57,533 [INFO] ThirdParty:1030 - CMSIS Pack Vendor :STMicroelectronics X-CUBE-AZRTOS-F4 1.1.0
2024-09-25 21:08:57,533 [INFO] ThirdParty:1030 - CMSIS Pack Vendor :STMicroelectronics LIBJPEG 8.0.0
2024-09-25 21:08:57,533 [INFO] ThirdParty:1030 - CMSIS Pack Vendor :STMicroelectronics X-CUBE-SMBUS 2.1.0
2024-09-25 21:08:57,533 [INFO] ThirdParty:1030 - CMSIS Pack Vendor :STMicroelectronics USB_DEVICE 3.0.0
2024-09-25 21:08:57,533 [INFO] ThirdParty:1030 - CMSIS Pack Vendor :STMicroelectronics X-CUBE-TCPP 4.1.0
2024-09-25 21:08:57,533 [INFO] ThirdParty:1030 - CMSIS Pack Vendor :STMicroelectronics X-CUBE-ISPU 2.1.0
2024-09-25 21:08:57,533 [INFO] ThirdParty:1030 - CMSIS Pack Vendor :STMicroelectronics X-CUBE-FREERTOS 1.2.0
2024-09-25 21:08:57,533 [INFO] ThirdParty:1030 - CMSIS Pack Vendor :STMicroelectronics X-CUBE-AZRTOS-WB 2.0.0
2024-09-25 21:08:57,533 [INFO] ThirdParty:1030 - CMSIS Pack Vendor :STMicroelectronics X-CUBE-GNSS1 7.0.0
2024-09-25 21:08:57,533 [INFO] ThirdParty:1030 - CMSIS Pack Vendor :STMicroelectronics X-CUBE-AZRTOS-F7 1.1.0
2024-09-25 21:08:57,533 [INFO] ThirdParty:1030 - CMSIS Pack Vendor :STMicroelectronics X-CUBE-AZRTOS-L5 2.0.0
2024-09-25 21:08:57,533 [INFO] ThirdParty:1030 - CMSIS Pack Vendor :STMicroelectronics USB_DEVICE 2.0.0
2024-09-25 21:08:57,533 [INFO] ThirdParty:1030 - CMSIS Pack Vendor :STMicroelectronics X-CUBE-NFC6 3.1.0
2024-09-25 21:08:57,533 [INFO] ThirdParty:1030 - CMSIS Pack Vendor :STMicroelectronics FP-SNS-STBOX1 2.0.0
2024-09-25 21:08:57,533 [INFO] ThirdParty:1030 - CMSIS Pack Vendor :STMicroelectronics X-CUBE-MEMS1 11.0.0
2024-09-25 21:08:57,533 [INFO] ThirdParty:1030 - CMSIS Pack Vendor :STMicroelectronics FreeRTOS 0.0.1
2024-09-25 21:08:57,533 [INFO] ThirdParty:1030 - CMSIS Pack Vendor :STMicroelectronics X-CUBE-AZRTOS-G0 1.1.0
2024-09-25 21:08:57,533 [INFO] ThirdParty:1030 - CMSIS Pack Vendor :STMicroelectronics X-CUBE-SAFEA1 1.2.2
2024-09-25 21:08:57,533 [INFO] ThirdParty:1030 - CMSIS Pack Vendor :STMicroelectronics X-CUBE-NFC4 3.0.0
2024-09-25 21:08:57,533 [INFO] ThirdParty:1030 - CMSIS Pack Vendor :STMicroelectronics X-CUBE-DPower 1.2.0
2024-09-25 21:08:57,533 [INFO] ThirdParty:1030 - CMSIS Pack Vendor :STMicroelectronics X-CUBE-SUBG2 5.0.0
2024-09-25 21:08:57,533 [INFO] ThirdParty:1030 - CMSIS Pack Vendor :STMicroelectronics STM32_WPAN 1.0.0
2024-09-25 21:08:57,533 [INFO] ThirdParty:1030 - CMSIS Pack Vendor :EmbeddedOffice I-CUBE-FS-RTOS 1.0.1
2024-09-25 21:08:57,533 [INFO] ThirdParty:1030 - CMSIS Pack Vendor :STMicroelectronics lwIP 2.0.3
2024-09-25 21:08:57,533 [INFO] ThirdParty:1030 - CMSIS Pack Vendor :STMicroelectronics FP-SNS-FLIGHT1 5.0.2
2024-09-25 21:08:57,533 [INFO] ThirdParty:1030 - CMSIS Pack Vendor :Cesanta I-CUBE-Mongoose 7.13.0
2024-09-25 21:08:57,533 [INFO] ThirdParty:1030 - CMSIS Pack Vendor :STMicroelectronics USB_HOST 1.0.0
2024-09-25 21:08:57,533 [INFO] ThirdParty:1030 - CMSIS Pack Vendor :STMicroelectronics X-CUBE-AI 9.0.0
2024-09-25 21:08:57,533 [INFO] ThirdParty:1030 - CMSIS Pack Vendor :STMicroelectronics X-CUBE-AZRTOS-G4 2.0.0
2024-09-25 21:08:57,533 [INFO] ThirdParty:1030 - CMSIS Pack Vendor :STMicroelectronics PDM2PCM 3.1.0
2024-09-25 21:08:57,533 [INFO] ThirdParty:1030 - CMSIS Pack Vendor :STMicroelectronics PDM2PCM 3.3.0
2024-09-25 21:08:57,533 [INFO] ThirdParty:1030 - CMSIS Pack Vendor :STMicroelectronics X-CUBE-DISPLAY 3.0.0
2024-09-25 21:08:57,533 [INFO] ThirdParty:1030 - CMSIS Pack Vendor :RealThread X-CUBE-RT-Thread_Nano 4.1.1
2024-09-25 21:08:57,533 [INFO] ThirdParty:1030 - CMSIS Pack Vendor :STMicroelectronics X-CUBE-BLE1 7.0.0
2024-09-25 21:08:57,534 [INFO] ThirdParty:1030 - CMSIS Pack Vendor :STMicroelectronics FP-ATR-SIGFOX1 3.2.0
2024-09-25 21:08:57,534 [INFO] ThirdParty:1030 - CMSIS Pack Vendor :wolfSSL I-CUBE-wolfSSL 5.7.2
2024-09-25 21:08:57,534 [INFO] ThirdParty:1030 - CMSIS Pack Vendor :STMicroelectronics X-CUBE-ISPU 2.0.0
2024-09-25 21:08:57,534 [INFO] ThirdParty:1030 - CMSIS Pack Vendor :STMicroelectronics X-CUBE-EEPRMA1 5.1.0
2024-09-25 21:08:57,534 [INFO] ThirdParty:1030 - CMSIS Pack Vendor :STMicroelectronics HAL Drivers 0.0.0
2024-09-25 21:08:57,534 [INFO] ThirdParty:1030 - CMSIS Pack Vendor :STMicroelectronics MBEDTLS 2.16.2
2024-09-25 21:08:57,534 [INFO] ThirdParty:1030 - CMSIS Pack Vendor :STMicroelectronics X-CUBE-ALS 1.0.2
2024-09-25 21:08:57,534 [INFO] ThirdParty:1030 - CMSIS Pack Vendor :emotas I-CUBE-CANOPEN 1.3.0
2024-09-25 21:08:57,534 [INFO] ThirdParty:1030 - CMSIS Pack Vendor :STMicroelectronics X-CUBE-NFC7 1.0.1
2024-09-25 21:08:57,534 [INFO] ThirdParty:1030 - CMSIS Pack Vendor :STMicroelectronics MBEDTLS 2.14.1
2024-09-25 21:08:57,534 [INFO] ThirdParty:1030 - CMSIS Pack Vendor :STMicroelectronics X-CUBE-TOUCHGFX 4.24.0
2024-09-25 21:08:57,534 [INFO] ThirdParty:1030 - CMSIS Pack Vendor :ITTIA_DB I-CUBE-ITTIADB 8.9.0
2024-09-25 21:08:57,534 [INFO] ThirdParty:1030 - CMSIS Pack Vendor :STMicroelectronics X-CUBE-TOUCHGFX 4.24.1
2024-09-25 21:08:57,534 [INFO] ThirdParty:1030 - CMSIS Pack Vendor :wolfSSL I-CUBE-wolfTPM 3.4.0
2024-09-25 21:08:57,534 [INFO] ThirdParty:1030 - CMSIS Pack Vendor :portGmbH I-Cube-SoM-uGOAL 1.1.0
2024-09-25 21:08:57,534 [INFO] ThirdParty:1030 - CMSIS Pack Vendor :STMicroelectronics X-CUBE-BLEMGR 3.1.0
2024-09-25 21:08:57,534 [INFO] ThirdParty:1030 - CMSIS Pack Vendor :STMicroelectronics ThreadX 1.0.0
2024-09-25 21:08:57,534 [INFO] ThirdParty:1030 - CMSIS Pack Vendor :STMicroelectronics FP-SNS-SMARTAG2 1.2.0
2024-09-25 21:08:57,534 [INFO] ThirdParty:1030 - CMSIS Pack Vendor :STMicroelectronics X-CUBE-AZRTOS-WL 2.0.0
2024-09-25 21:08:57,534 [INFO] ThirdParty:1030 - CMSIS Pack Vendor :SEGGER I-CUBE-embOS 1.3.1
2024-09-25 21:08:57,534 [INFO] ThirdParty:1030 - CMSIS Pack Vendor :STMicroelectronics X-CUBE-ALGOBUILD 1.4.0
2024-09-25 21:08:57,534 [INFO] ThirdParty:1030 - CMSIS Pack Vendor :STMicroelectronics FP-SNS-MOTENV1 5.0.0
2024-09-25 21:08:57,534 [INFO] ThirdParty:1030 - CMSIS Pack Vendor :STMicroelectronics USB_DEVICE 1.0.0
2024-09-25 21:08:57,534 [INFO] ThirdParty:1030 - CMSIS Pack Vendor :STMicroelectronics X-CUBE-AZRTOS-H7RS 1.0.0
2024-09-25 21:08:57,534 [INFO] ThirdParty:1030 - CMSIS Pack Vendor :wolfSSL I-CUBE-wolfMQTT 1.19.0
2024-09-25 21:08:57,534 [INFO] ThirdParty:1030 - CMSIS Pack Vendor :STMicroelectronics X-CUBE-AZRTOS-L4 2.0.0
2024-09-25 21:08:57,534 [INFO] ThirdParty:1030 - CMSIS Pack Vendor :STMicroelectronics ThreadX 0.0.2
2024-09-25 21:08:57,534 [INFO] ThirdParty:1030 - CMSIS Pack Vendor :WES I-CUBE-Cesium 1.3.0
2024-09-25 21:08:57,534 [INFO] ThirdParty:1030 - CMSIS Pack Vendor :STMicroelectronics FP-ATR-ASTRA1 2.0.0
2024-09-25 21:08:57,534 [INFO] ThirdParty:1030 - CMSIS Pack Vendor :STMicroelectronics lwIP 2.1.2
2024-09-25 21:08:57,534 [INFO] ThirdParty:1030 - CMSIS Pack Vendor :STMicroelectronics X-CUBE-SFXS2LP1 4.0.0
2024-09-25 21:08:57,534 [INFO] ThirdParty:1030 - CMSIS Pack Vendor :STMicroelectronics X-CUBE-BLE2 3.3.0
2024-09-25 21:08:57,534 [INFO] ThirdParty:1030 - CMSIS Pack Vendor :STMicroelectronics X-CUBE-TOF1 3.4.2
2024-09-25 21:08:57,534 [INFO] ThirdParty:1030 - CMSIS Pack Vendor :Infineon AIROC-Wi-Fi-Bluetooth-STM32 1.6.1
2024-09-25 21:08:57,534 [INFO] ThirdParty:1030 - CMSIS Pack Vendor :STMicroelectronics PDM2PCM 3.2.0
2024-09-25 21:08:57,534 [INFO] ThirdParty:1030 - CMSIS Pack Vendor :wolfSSL I-CUBE-wolfSSH 1.4.17
2024-09-25 21:08:57,535 [INFO] ThirdParty:841 - exiting critical section [change project]
2024-09-25 21:08:57,793 [INFO] PinOutPanel:1561 - setPackage(No Configuration,No Configuration)
2024-09-25 21:08:57,794 [INFO] PinOutPanel:1561 - setPackage(STM32F446RETx,LQFP64)
2024-09-25 21:08:58,116 [INFO] UtilMem:75 - Before build in PCC Used Memory: 784048960 Bytes (1073741824)
2024-09-25 21:08:58,313 [INFO] UtilMem:75 - After build in PCC Used Memory: 832805696 Bytes (1073741824)
2024-09-25 21:08:58,343 [INFO] IPUIPlugin:80 - create IPUIPlugin
2024-09-25 21:08:58,343 [INFO] IPUIPlugin:80 - create IPUIPlugin
2024-09-25 21:08:58,343 [INFO] IPUIPlugin:80 - create IPUIPlugin
2024-09-25 21:08:58,343 [INFO] IPUIPlugin:80 - create IPUIPlugin
2024-09-25 21:08:58,343 [INFO] IPUIPlugin:80 - create IPUIPlugin
2024-09-25 21:08:58,343 [INFO] IPUIPlugin:80 - create IPUIPlugin
2024-09-25 21:08:58,344 [INFO] IPUIPlugin:80 - create IPUIPlugin
2024-09-25 21:08:58,344 [INFO] IPUIPlugin:80 - create IPUIPlugin
2024-09-25 21:08:58,344 [INFO] IPUIPlugin:80 - create IPUIPlugin
2024-09-25 21:08:58,344 [INFO] IPUIPlugin:80 - create IPUIPlugin
2024-09-25 21:08:58,344 [INFO] IPUIPlugin:80 - create IPUIPlugin
2024-09-25 21:08:58,344 [INFO] IPUIPlugin:80 - create IPUIPlugin
2024-09-25 21:08:58,344 [INFO] IPUIPlugin:80 - create IPUIPlugin
2024-09-25 21:08:58,344 [INFO] IPUIPlugin:80 - create IPUIPlugin
2024-09-25 21:08:58,345 [INFO] IPUIPlugin:80 - create IPUIPlugin
2024-09-25 21:08:58,345 [INFO] IPUIPlugin:80 - create IPUIPlugin
2024-09-25 21:08:58,345 [INFO] IPUIPlugin:80 - create IPUIPlugin
2024-09-25 21:08:58,345 [INFO] IPUIPlugin:80 - create IPUIPlugin
2024-09-25 21:08:58,345 [INFO] IPUIPlugin:80 - create IPUIPlugin
2024-09-25 21:08:58,345 [INFO] IPUIPlugin:80 - create IPUIPlugin
2024-09-25 21:08:58,345 [INFO] IPUIPlugin:80 - create IPUIPlugin
2024-09-25 21:08:58,346 [INFO] IPUIPlugin:80 - create IPUIPlugin
2024-09-25 21:08:58,346 [INFO] IPUIPlugin:80 - create IPUIPlugin
2024-09-25 21:08:58,346 [INFO] IPUIPlugin:80 - create IPUIPlugin
2024-09-25 21:08:58,346 [INFO] IPUIPlugin:80 - create IPUIPlugin
2024-09-25 21:08:58,347 [INFO] IPUIPlugin:80 - create IPUIPlugin
2024-09-25 21:08:58,347 [INFO] IPUIPlugin:80 - create IPUIPlugin
2024-09-25 21:08:58,347 [INFO] IPUIPlugin:80 - create IPUIPlugin
2024-09-25 21:08:58,348 [INFO] IPUIPlugin:80 - create IPUIPlugin
2024-09-25 21:08:58,348 [INFO] IPUIPlugin:80 - create IPUIPlugin
2024-09-25 21:08:58,348 [INFO] IPUIPlugin:80 - create IPUIPlugin
2024-09-25 21:08:58,348 [INFO] IPUIPlugin:80 - create IPUIPlugin
2024-09-25 21:08:58,349 [INFO] IPUIPlugin:80 - create IPUIPlugin
2024-09-25 21:08:58,349 [INFO] IPUIPlugin:80 - create IPUIPlugin
2024-09-25 21:08:58,349 [INFO] IPUIPlugin:80 - create IPUIPlugin
2024-09-25 21:08:58,350 [INFO] IPUIPlugin:80 - create IPUIPlugin
2024-09-25 21:08:58,350 [INFO] IPUIPlugin:80 - create IPUIPlugin
2024-09-25 21:08:58,350 [INFO] IPUIPlugin:80 - create IPUIPlugin
2024-09-25 21:08:58,351 [INFO] IPUIPlugin:80 - create IPUIPlugin
2024-09-25 21:08:58,351 [INFO] IPUIPlugin:80 - create IPUIPlugin
2024-09-25 21:08:58,351 [INFO] IPUIPlugin:80 - create IPUIPlugin
2024-09-25 21:08:58,352 [INFO] IPUIPlugin:80 - create IPUIPlugin
2024-09-25 21:08:58,352 [INFO] IPUIPlugin:80 - create IPUIPlugin
2024-09-25 21:08:58,353 [INFO] IPUIPlugin:80 - create IPUIPlugin
2024-09-25 21:08:58,353 [INFO] IPUIPlugin:80 - create IPUIPlugin
2024-09-25 21:08:58,354 [INFO] IPUIPlugin:80 - create IPUIPlugin
2024-09-25 21:08:58,354 [INFO] IPUIPlugin:80 - create IPUIPlugin
2024-09-25 21:08:58,356 [INFO] IPUIPlugin:80 - create IPUIPlugin
2024-09-25 21:08:58,356 [INFO] IPUIPlugin:80 - create IPUIPlugin
2024-09-25 21:08:58,356 [INFO] IPUIPlugin:80 - create IPUIPlugin
2024-09-25 21:08:58,357 [INFO] IPUIPlugin:80 - create IPUIPlugin
2024-09-25 21:08:58,357 [INFO] IPUIPlugin:80 - create IPUIPlugin
2024-09-25 21:08:58,357 [INFO] IPUIPlugin:80 - create IPUIPlugin
2024-09-25 21:08:58,357 [INFO] IPUIPlugin:80 - create IPUIPlugin
2024-09-25 21:08:58,358 [INFO] IPUIPlugin:80 - create IPUIPlugin
2024-09-25 21:08:58,358 [INFO] IPUIPlugin:80 - create IPUIPlugin
2024-09-25 21:08:58,358 [INFO] IPUIPlugin:80 - create IPUIPlugin
2024-09-25 21:08:58,359 [INFO] IPUIPlugin:80 - create IPUIPlugin
2024-09-25 21:08:58,359 [INFO] IPUIPlugin:80 - create IPUIPlugin
2024-09-25 21:08:58,360 [INFO] IPUIPlugin:80 - create IPUIPlugin
2024-09-25 21:08:58,362 [INFO] ApiDbMcu:508 - Load IP Config File for PDM2PCM
2024-09-25 21:08:58,363 [WARN] IP:2191 - I2C_Coeff_DF not found: check if there is a RefParameter without a condition.
2024-09-25 21:08:58,363 [WARN] IP:2191 - Analog_Filter not found: check if there is a RefParameter without a condition.
2024-09-25 21:08:58,438 [INFO] CADModel:165 - CPN selected for project levelSTM32F446RET6
2024-09-25 21:08:58,438 [INFO] CADModel:114 - Register for checkConnection events
2024-09-25 21:08:58,491 [INFO] OpenFileManager:363 - Restore cursor
2024-09-25 21:08:58,743 [WARN] IP:2191 - I2C_Coeff_DF not found: check if there is a RefParameter without a condition.
2024-09-25 21:08:58,743 [WARN] IP:2191 - Analog_Filter not found: check if there is a RefParameter without a condition.
2024-09-25 21:08:58,743 [WARN] IP:2191 - I2C_Coeff_DF not found: check if there is a RefParameter without a condition.
2024-09-25 21:08:58,743 [WARN] IP:2191 - Analog_Filter not found: check if there is a RefParameter without a condition.
